{"C:\\Users\\alber\\OneDrive - Educacyl\\AgroMind\\backend\\config\\database.js": {"path":"C:\\Users\\alber\\OneDrive - Educacyl\\AgroMind\\backend\\config\\database.js","statementMap":{"0":{"start":{"line":1,"column":22},"end":{"line":1,"column":42}},"1":{"start":{"line":2,"column":0},"end":{"line":2,"column":27}},"2":{"start":{"line":4,"column":18},"end":{"line":8,"column":2}},"3":{"start":{"line":11,"column":0},"end":{"line":18,"column":5}},"4":{"start":{"line":12,"column":4},"end":{"line":17,"column":5}},"5":{"start":{"line":13,"column":8},"end":{"line":13,"column":39}},"6":{"start":{"line":14,"column":8},"end":{"line":14,"column":59}},"7":{"start":{"line":16,"column":8},"end":{"line":16,"column":70}},"8":{"start":{"line":20,"column":0},"end":{"line":20,"column":27}}},"fnMap":{"0":{"name":"(anonymous_0)","decl":{"start":{"line":11,"column":1},"end":{"line":11,"column":2}},"loc":{"start":{"line":11,"column":13},"end":{"line":18,"column":1}},"line":11}},"branchMap":{},"s":{"0":3,"1":3,"2":3,"3":3,"4":3,"5":3,"6":1,"7":0,"8":3},"f":{"0":3},"b":{},"_coverageSchema":"1a1c01bbd47fc00a2c39e90264f33305004495a9","hash":"9a0c0321739f8326ce0bbc1211efe90212643efc"}
,"C:\\Users\\alber\\OneDrive - Educacyl\\AgroMind\\backend\\controllers\\ActividadController.js": {"path":"C:\\Users\\alber\\OneDrive - Educacyl\\AgroMind\\backend\\controllers\\ActividadController.js","statementMap":{"0":{"start":{"line":1,"column":18},"end":{"line":1,"column":48}},"1":{"start":{"line":2,"column":12},"end":{"line":2,"column":35}},"2":{"start":{"line":3,"column":18},"end":{"line":3,"column":46}},"3":{"start":{"line":4,"column":16},"end":{"line":4,"column":44}},"4":{"start":{"line":6,"column":37},"end":{"line":33,"column":1}},"5":{"start":{"line":7,"column":2},"end":{"line":32,"column":3}},"6":{"start":{"line":8,"column":18},"end":{"line":8,"column":69}},"7":{"start":{"line":9,"column":20},"end":{"line":9,"column":61}},"8":{"start":{"line":10,"column":22},"end":{"line":10,"column":32}},"9":{"start":{"line":11,"column":26},"end":{"line":11,"column":36}},"10":{"start":{"line":14,"column":20},"end":{"line":14,"column":67}},"11":{"start":{"line":15,"column":4},"end":{"line":16,"column":70}},"12":{"start":{"line":16,"column":6},"end":{"line":16,"column":70}},"13":{"start":{"line":18,"column":21},"end":{"line":20,"column":6}},"14":{"start":{"line":21,"column":31},"end":{"line":21,"column":56}},"15":{"start":{"line":21,"column":51},"end":{"line":21,"column":55}},"16":{"start":{"line":23,"column":24},"end":{"line":26,"column":6}},"17":{"start":{"line":28,"column":4},"end":{"line":28,"column":26}},"18":{"start":{"line":30,"column":4},"end":{"line":30,"column":66}},"19":{"start":{"line":31,"column":4},"end":{"line":31,"column":68}},"20":{"start":{"line":35,"column":23},"end":{"line":58,"column":1}},"21":{"start":{"line":36,"column":2},"end":{"line":57,"column":3}},"22":{"start":{"line":37,"column":62},"end":{"line":37,"column":70}},"23":{"start":{"line":39,"column":4},"end":{"line":41,"column":5}},"24":{"start":{"line":40,"column":6},"end":{"line":40,"column":76}},"25":{"start":{"line":43,"column":27},"end":{"line":49,"column":6}},"26":{"start":{"line":51,"column":4},"end":{"line":53,"column":72}},"27":{"start":{"line":55,"column":4},"end":{"line":55,"column":62}},"28":{"start":{"line":56,"column":4},"end":{"line":56,"column":68}},"29":{"start":{"line":60,"column":27},"end":{"line":77,"column":1}},"30":{"start":{"line":61,"column":2},"end":{"line":76,"column":3}},"31":{"start":{"line":62,"column":28},"end":{"line":62,"column":38}},"32":{"start":{"line":64,"column":22},"end":{"line":64,"column":59}},"33":{"start":{"line":65,"column":4},"end":{"line":67,"column":5}},"34":{"start":{"line":66,"column":6},"end":{"line":66,"column":75}},"35":{"start":{"line":69,"column":4},"end":{"line":69,"column":36}},"36":{"start":{"line":70,"column":4},"end":{"line":70,"column":27}},"37":{"start":{"line":72,"column":4},"end":{"line":72,"column":61}},"38":{"start":{"line":74,"column":4},"end":{"line":74,"column":66}},"39":{"start":{"line":75,"column":4},"end":{"line":75,"column":68}},"40":{"start":{"line":78,"column":32},"end":{"line":102,"column":1}},"41":{"start":{"line":79,"column":2},"end":{"line":101,"column":3}},"42":{"start":{"line":80,"column":18},"end":{"line":80,"column":69}},"43":{"start":{"line":81,"column":20},"end":{"line":81,"column":61}},"44":{"start":{"line":82,"column":22},"end":{"line":82,"column":32}},"45":{"start":{"line":84,"column":20},"end":{"line":84,"column":67}},"46":{"start":{"line":85,"column":4},"end":{"line":86,"column":70}},"47":{"start":{"line":86,"column":6},"end":{"line":86,"column":70}},"48":{"start":{"line":87,"column":21},"end":{"line":87,"column":80}},"49":{"start":{"line":88,"column":31},"end":{"line":88,"column":56}},"50":{"start":{"line":88,"column":51},"end":{"line":88,"column":55}},"51":{"start":{"line":89,"column":24},"end":{"line":95,"column":6}},"52":{"start":{"line":97,"column":4},"end":{"line":97,"column":26}},"53":{"start":{"line":99,"column":4},"end":{"line":99,"column":76}},"54":{"start":{"line":100,"column":4},"end":{"line":100,"column":68}},"55":{"start":{"line":103,"column":17},"end":{"line":117,"column":1}},"56":{"start":{"line":104,"column":2},"end":{"line":116,"column":3}},"57":{"start":{"line":105,"column":28},"end":{"line":105,"column":38}},"58":{"start":{"line":106,"column":22},"end":{"line":106,"column":77}},"59":{"start":{"line":108,"column":4},"end":{"line":110,"column":5}},"60":{"start":{"line":109,"column":6},"end":{"line":109,"column":75}},"61":{"start":{"line":112,"column":4},"end":{"line":112,"column":64}},"62":{"start":{"line":114,"column":4},"end":{"line":114,"column":65}},"63":{"start":{"line":115,"column":4},"end":{"line":115,"column":70}},"64":{"start":{"line":119,"column":0},"end":{"line":125,"column":2}}},"fnMap":{"0":{"name":"(anonymous_0)","decl":{"start":{"line":6,"column":37},"end":{"line":6,"column":38}},"loc":{"start":{"line":6,"column":57},"end":{"line":33,"column":1}},"line":6},"1":{"name":"(anonymous_1)","decl":{"start":{"line":21,"column":44},"end":{"line":21,"column":45}},"loc":{"start":{"line":21,"column":51},"end":{"line":21,"column":55}},"line":21},"2":{"name":"(anonymous_2)","decl":{"start":{"line":35,"column":23},"end":{"line":35,"column":24}},"loc":{"start":{"line":35,"column":43},"end":{"line":58,"column":1}},"line":35},"3":{"name":"(anonymous_3)","decl":{"start":{"line":60,"column":27},"end":{"line":60,"column":28}},"loc":{"start":{"line":60,"column":47},"end":{"line":77,"column":1}},"line":60},"4":{"name":"(anonymous_4)","decl":{"start":{"line":78,"column":32},"end":{"line":78,"column":33}},"loc":{"start":{"line":78,"column":52},"end":{"line":102,"column":1}},"line":78},"5":{"name":"(anonymous_5)","decl":{"start":{"line":88,"column":44},"end":{"line":88,"column":45}},"loc":{"start":{"line":88,"column":51},"end":{"line":88,"column":55}},"line":88},"6":{"name":"(anonymous_6)","decl":{"start":{"line":103,"column":17},"end":{"line":103,"column":18}},"loc":{"start":{"line":103,"column":37},"end":{"line":117,"column":1}},"line":103}},"branchMap":{"0":{"loc":{"start":{"line":15,"column":4},"end":{"line":16,"column":70}},"type":"if","locations":[{"start":{"line":15,"column":4},"end":{"line":16,"column":70}},{"start":{},"end":{}}],"line":15},"1":{"loc":{"start":{"line":39,"column":4},"end":{"line":41,"column":5}},"type":"if","locations":[{"start":{"line":39,"column":4},"end":{"line":41,"column":5}},{"start":{},"end":{}}],"line":39},"2":{"loc":{"start":{"line":39,"column":8},"end":{"line":39,"column":63}},"type":"binary-expr","locations":[{"start":{"line":39,"column":8},"end":{"line":39,"column":18}},{"start":{"line":39,"column":22},"end":{"line":39,"column":29}},{"start":{"line":39,"column":33},"end":{"line":39,"column":45}},{"start":{"line":39,"column":49},"end":{"line":39,"column":63}}],"line":39},"3":{"loc":{"start":{"line":65,"column":4},"end":{"line":67,"column":5}},"type":"if","locations":[{"start":{"line":65,"column":4},"end":{"line":67,"column":5}},{"start":{},"end":{}}],"line":65},"4":{"loc":{"start":{"line":85,"column":4},"end":{"line":86,"column":70}},"type":"if","locations":[{"start":{"line":85,"column":4},"end":{"line":86,"column":70}},{"start":{},"end":{}}],"line":85},"5":{"loc":{"start":{"line":108,"column":4},"end":{"line":110,"column":5}},"type":"if","locations":[{"start":{"line":108,"column":4},"end":{"line":110,"column":5}},{"start":{},"end":{}}],"line":108}},"s":{"0":1,"1":1,"2":1,"3":1,"4":1,"5":2,"6":2,"7":2,"8":2,"9":2,"10":2,"11":2,"12":1,"13":1,"14":1,"15":1,"16":1,"17":1,"18":0,"19":0,"20":1,"21":2,"22":2,"23":2,"24":1,"25":1,"26":1,"27":0,"28":0,"29":1,"30":2,"31":2,"32":2,"33":2,"34":1,"35":1,"36":1,"37":1,"38":0,"39":0,"40":1,"41":1,"42":1,"43":1,"44":1,"45":1,"46":1,"47":0,"48":1,"49":1,"50":1,"51":1,"52":1,"53":0,"54":0,"55":1,"56":2,"57":2,"58":2,"59":2,"60":1,"61":1,"62":0,"63":0,"64":1},"f":{"0":2,"1":1,"2":2,"3":2,"4":1,"5":1,"6":2},"b":{"0":[1,1],"1":[1,1],"2":[2,1,1,1],"3":[1,1],"4":[0,1],"5":[1,1]},"_coverageSchema":"1a1c01bbd47fc00a2c39e90264f33305004495a9","hash":"a0391371ce836a5f87338f92bc48f61a5ee305fc"}
,"C:\\Users\\alber\\OneDrive - Educacyl\\AgroMind\\backend\\controllers\\AlertaController.js": {"path":"C:\\Users\\alber\\OneDrive - Educacyl\\AgroMind\\backend\\controllers\\AlertaController.js","statementMap":{"0":{"start":{"line":1,"column":12},"end":{"line":1,"column":35}},"1":{"start":{"line":2,"column":14},"end":{"line":2,"column":30}},"2":{"start":{"line":3,"column":16},"end":{"line":3,"column":44}},"3":{"start":{"line":4,"column":15},"end":{"line":4,"column":42}},"4":{"start":{"line":5,"column":32},"end":{"line":5,"column":69}},"5":{"start":{"line":7,"column":33},"end":{"line":64,"column":1}},"6":{"start":{"line":8,"column":2},"end":{"line":63,"column":3}},"7":{"start":{"line":9,"column":18},"end":{"line":9,"column":69}},"8":{"start":{"line":10,"column":20},"end":{"line":10,"column":61}},"9":{"start":{"line":11,"column":22},"end":{"line":11,"column":32}},"10":{"start":{"line":14,"column":20},"end":{"line":14,"column":67}},"11":{"start":{"line":15,"column":4},"end":{"line":15,"column":82}},"12":{"start":{"line":15,"column":18},"end":{"line":15,"column":82}},"13":{"start":{"line":17,"column":16},"end":{"line":17,"column":54}},"14":{"start":{"line":20,"column":30},"end":{"line":25,"column":6}},"15":{"start":{"line":27,"column":4},"end":{"line":29,"column":5}},"16":{"start":{"line":28,"column":6},"end":{"line":28,"column":54}},"17":{"start":{"line":32,"column":34},"end":{"line":32,"column":41}},"18":{"start":{"line":33,"column":16},"end":{"line":33,"column":356}},"19":{"start":{"line":35,"column":21},"end":{"line":35,"column":41}},"20":{"start":{"line":36,"column":25},"end":{"line":36,"column":44}},"21":{"start":{"line":39,"column":29},"end":{"line":39,"column":68}},"22":{"start":{"line":42,"column":22},"end":{"line":54,"column":5}},"23":{"start":{"line":44,"column":8},"end":{"line":52,"column":10}},"24":{"start":{"line":55,"column":4},"end":{"line":55,"column":49}},"25":{"start":{"line":58,"column":4},"end":{"line":58,"column":37}},"26":{"start":{"line":61,"column":4},"end":{"line":61,"column":83}},"27":{"start":{"line":62,"column":4},"end":{"line":62,"column":75}},"28":{"start":{"line":66,"column":0},"end":{"line":66,"column":46}}},"fnMap":{"0":{"name":"(anonymous_0)","decl":{"start":{"line":7,"column":33},"end":{"line":7,"column":34}},"loc":{"start":{"line":7,"column":53},"end":{"line":64,"column":1}},"line":7},"1":{"name":"(anonymous_1)","decl":{"start":{"line":43,"column":27},"end":{"line":43,"column":28}},"loc":{"start":{"line":44,"column":8},"end":{"line":52,"column":10}},"line":44}},"branchMap":{"0":{"loc":{"start":{"line":15,"column":4},"end":{"line":15,"column":82}},"type":"if","locations":[{"start":{"line":15,"column":4},"end":{"line":15,"column":82}},{"start":{},"end":{}}],"line":15},"1":{"loc":{"start":{"line":27,"column":4},"end":{"line":29,"column":5}},"type":"if","locations":[{"start":{"line":27,"column":4},"end":{"line":29,"column":5}},{"start":{},"end":{}}],"line":27}},"s":{"0":2,"1":2,"2":2,"3":2,"4":2,"5":2,"6":3,"7":3,"8":3,"9":3,"10":3,"11":3,"12":1,"13":2,"14":2,"15":2,"16":1,"17":1,"18":1,"19":1,"20":1,"21":1,"22":1,"23":1,"24":1,"25":1,"26":0,"27":0,"28":2},"f":{"0":3,"1":1},"b":{"0":[1,2],"1":[1,1]},"_coverageSchema":"1a1c01bbd47fc00a2c39e90264f33305004495a9","hash":"76587cc5aee5d409d30bdfd46ba8882bf1bb3565"}
,"C:\\Users\\alber\\OneDrive - Educacyl\\AgroMind\\backend\\controllers\\AsistenteController.js": {"path":"C:\\Users\\alber\\OneDrive - Educacyl\\AgroMind\\backend\\controllers\\AsistenteController.js","statementMap":{"0":{"start":{"line":2,"column":36},"end":{"line":2,"column":73}},"1":{"start":{"line":4,"column":20},"end":{"line":17,"column":1}},"2":{"start":{"line":5,"column":2},"end":{"line":16,"column":3}},"3":{"start":{"line":6,"column":25},"end":{"line":6,"column":33}},"4":{"start":{"line":7,"column":4},"end":{"line":9,"column":5}},"5":{"start":{"line":8,"column":6},"end":{"line":8,"column":82}},"6":{"start":{"line":11,"column":22},"end":{"line":11,"column":61}},"7":{"start":{"line":12,"column":4},"end":{"line":12,"column":28}},"8":{"start":{"line":14,"column":4},"end":{"line":14,"column":65}},"9":{"start":{"line":15,"column":4},"end":{"line":15,"column":81}},"10":{"start":{"line":19,"column":0},"end":{"line":19,"column":33}}},"fnMap":{"0":{"name":"(anonymous_0)","decl":{"start":{"line":4,"column":20},"end":{"line":4,"column":21}},"loc":{"start":{"line":4,"column":40},"end":{"line":17,"column":1}},"line":4}},"branchMap":{"0":{"loc":{"start":{"line":7,"column":4},"end":{"line":9,"column":5}},"type":"if","locations":[{"start":{"line":7,"column":4},"end":{"line":9,"column":5}},{"start":{},"end":{}}],"line":7},"1":{"loc":{"start":{"line":7,"column":8},"end":{"line":7,"column":43}},"type":"binary-expr","locations":[{"start":{"line":7,"column":8},"end":{"line":7,"column":17}},{"start":{"line":7,"column":21},"end":{"line":7,"column":43}}],"line":7}},"s":{"0":1,"1":1,"2":3,"3":3,"4":3,"5":1,"6":2,"7":1,"8":1,"9":1,"10":1},"f":{"0":3},"b":{"0":[1,2],"1":[3,3]},"_coverageSchema":"1a1c01bbd47fc00a2c39e90264f33305004495a9","hash":"ec71d479ca68f90ed4bb4047664bb4fce479874b"}
,"C:\\Users\\alber\\OneDrive - Educacyl\\AgroMind\\backend\\controllers\\CultivoController.js": {"path":"C:\\Users\\alber\\OneDrive - Educacyl\\AgroMind\\backend\\controllers\\CultivoController.js","statementMap":{"0":{"start":{"line":2,"column":16},"end":{"line":2,"column":44}},"1":{"start":{"line":3,"column":16},"end":{"line":3,"column":44}},"2":{"start":{"line":4,"column":20},"end":{"line":4,"column":52}},"3":{"start":{"line":5,"column":22},"end":{"line":5,"column":58}},"4":{"start":{"line":6,"column":18},"end":{"line":6,"column":48}},"5":{"start":{"line":7,"column":34},"end":{"line":7,"column":73}},"6":{"start":{"line":9,"column":21},"end":{"line":32,"column":1}},"7":{"start":{"line":10,"column":2},"end":{"line":31,"column":3}},"8":{"start":{"line":11,"column":70},"end":{"line":11,"column":78}},"9":{"start":{"line":12,"column":22},"end":{"line":12,"column":36}},"10":{"start":{"line":14,"column":20},"end":{"line":14,"column":67}},"11":{"start":{"line":15,"column":4},"end":{"line":17,"column":5}},"12":{"start":{"line":16,"column":6},"end":{"line":16,"column":95}},"13":{"start":{"line":19,"column":25},"end":{"line":25,"column":6}},"14":{"start":{"line":27,"column":4},"end":{"line":27,"column":83}},"15":{"start":{"line":29,"column":4},"end":{"line":29,"column":52}},"16":{"start":{"line":30,"column":4},"end":{"line":30,"column":62}},"17":{"start":{"line":34,"column":24},"end":{"line":68,"column":1}},"18":{"start":{"line":35,"column":2},"end":{"line":67,"column":3}},"19":{"start":{"line":36,"column":22},"end":{"line":36,"column":36}},"20":{"start":{"line":38,"column":20},"end":{"line":38,"column":78}},"21":{"start":{"line":39,"column":4},"end":{"line":41,"column":5}},"22":{"start":{"line":40,"column":6},"end":{"line":40,"column":95}},"23":{"start":{"line":43,"column":21},"end":{"line":52,"column":6}},"24":{"start":{"line":54,"column":30},"end":{"line":61,"column":7}},"25":{"start":{"line":55,"column":28},"end":{"line":55,"column":55}},"26":{"start":{"line":56,"column":21},"end":{"line":56,"column":63}},"27":{"start":{"line":57,"column":6},"end":{"line":60,"column":8}},"28":{"start":{"line":63,"column":4},"end":{"line":63,"column":32}},"29":{"start":{"line":65,"column":4},"end":{"line":65,"column":55}},"30":{"start":{"line":66,"column":4},"end":{"line":66,"column":62}},"31":{"start":{"line":70,"column":28},"end":{"line":85,"column":1}},"32":{"start":{"line":71,"column":2},"end":{"line":84,"column":3}},"33":{"start":{"line":72,"column":20},"end":{"line":77,"column":6}},"34":{"start":{"line":79,"column":4},"end":{"line":79,"column":82}},"35":{"start":{"line":79,"column":18},"end":{"line":79,"column":82}},"36":{"start":{"line":80,"column":4},"end":{"line":80,"column":22}},"37":{"start":{"line":82,"column":4},"end":{"line":82,"column":62}},"38":{"start":{"line":83,"column":4},"end":{"line":83,"column":66}},"39":{"start":{"line":87,"column":24},"end":{"line":106,"column":1}},"40":{"start":{"line":88,"column":2},"end":{"line":105,"column":3}},"41":{"start":{"line":89,"column":19},"end":{"line":89,"column":29}},"42":{"start":{"line":91,"column":20},"end":{"line":91,"column":46}},"43":{"start":{"line":92,"column":4},"end":{"line":94,"column":5}},"44":{"start":{"line":93,"column":6},"end":{"line":93,"column":72}},"45":{"start":{"line":96,"column":4},"end":{"line":96,"column":33}},"46":{"start":{"line":97,"column":4},"end":{"line":97,"column":42}},"47":{"start":{"line":99,"column":4},"end":{"line":99,"column":25}},"48":{"start":{"line":101,"column":4},"end":{"line":101,"column":70}},"49":{"start":{"line":103,"column":4},"end":{"line":103,"column":55}},"50":{"start":{"line":104,"column":4},"end":{"line":104,"column":67}},"51":{"start":{"line":107,"column":17},"end":{"line":127,"column":1}},"52":{"start":{"line":108,"column":2},"end":{"line":126,"column":3}},"53":{"start":{"line":109,"column":19},"end":{"line":109,"column":29}},"54":{"start":{"line":111,"column":4},"end":{"line":111,"column":58}},"55":{"start":{"line":113,"column":4},"end":{"line":113,"column":62}},"56":{"start":{"line":116,"column":22},"end":{"line":116,"column":62}},"57":{"start":{"line":118,"column":4},"end":{"line":120,"column":5}},"58":{"start":{"line":119,"column":6},"end":{"line":119,"column":73}},"59":{"start":{"line":122,"column":4},"end":{"line":122,"column":62}},"60":{"start":{"line":124,"column":4},"end":{"line":124,"column":63}},"61":{"start":{"line":125,"column":4},"end":{"line":125,"column":68}},"62":{"start":{"line":129,"column":0},"end":{"line":135,"column":2}}},"fnMap":{"0":{"name":"(anonymous_0)","decl":{"start":{"line":9,"column":21},"end":{"line":9,"column":22}},"loc":{"start":{"line":9,"column":41},"end":{"line":32,"column":1}},"line":9},"1":{"name":"(anonymous_1)","decl":{"start":{"line":34,"column":24},"end":{"line":34,"column":25}},"loc":{"start":{"line":34,"column":44},"end":{"line":68,"column":1}},"line":34},"2":{"name":"(anonymous_2)","decl":{"start":{"line":54,"column":61},"end":{"line":54,"column":62}},"loc":{"start":{"line":54,"column":80},"end":{"line":61,"column":5}},"line":54},"3":{"name":"(anonymous_3)","decl":{"start":{"line":70,"column":28},"end":{"line":70,"column":29}},"loc":{"start":{"line":70,"column":48},"end":{"line":85,"column":1}},"line":70},"4":{"name":"(anonymous_4)","decl":{"start":{"line":87,"column":24},"end":{"line":87,"column":25}},"loc":{"start":{"line":87,"column":44},"end":{"line":106,"column":1}},"line":87},"5":{"name":"(anonymous_5)","decl":{"start":{"line":107,"column":17},"end":{"line":107,"column":18}},"loc":{"start":{"line":107,"column":37},"end":{"line":127,"column":1}},"line":107}},"branchMap":{"0":{"loc":{"start":{"line":15,"column":4},"end":{"line":17,"column":5}},"type":"if","locations":[{"start":{"line":15,"column":4},"end":{"line":17,"column":5}},{"start":{},"end":{}}],"line":15},"1":{"loc":{"start":{"line":39,"column":4},"end":{"line":41,"column":5}},"type":"if","locations":[{"start":{"line":39,"column":4},"end":{"line":41,"column":5}},{"start":{},"end":{}}],"line":39},"2":{"loc":{"start":{"line":79,"column":4},"end":{"line":79,"column":82}},"type":"if","locations":[{"start":{"line":79,"column":4},"end":{"line":79,"column":82}},{"start":{},"end":{}}],"line":79},"3":{"loc":{"start":{"line":92,"column":4},"end":{"line":94,"column":5}},"type":"if","locations":[{"start":{"line":92,"column":4},"end":{"line":94,"column":5}},{"start":{},"end":{}}],"line":92},"4":{"loc":{"start":{"line":118,"column":4},"end":{"line":120,"column":5}},"type":"if","locations":[{"start":{"line":118,"column":4},"end":{"line":120,"column":5}},{"start":{},"end":{}}],"line":118}},"s":{"0":1,"1":1,"2":1,"3":1,"4":1,"5":1,"6":1,"7":1,"8":1,"9":1,"10":1,"11":1,"12":0,"13":1,"14":1,"15":0,"16":0,"17":1,"18":1,"19":1,"20":1,"21":1,"22":0,"23":1,"24":1,"25":1,"26":1,"27":1,"28":1,"29":0,"30":0,"31":1,"32":0,"33":0,"34":0,"35":0,"36":0,"37":0,"38":0,"39":1,"40":1,"41":1,"42":1,"43":1,"44":0,"45":1,"46":1,"47":1,"48":1,"49":0,"50":0,"51":1,"52":1,"53":1,"54":1,"55":1,"56":1,"57":1,"58":0,"59":1,"60":0,"61":0,"62":1},"f":{"0":1,"1":1,"2":1,"3":0,"4":1,"5":1},"b":{"0":[0,1],"1":[0,1],"2":[0,0],"3":[0,1],"4":[0,1]},"_coverageSchema":"1a1c01bbd47fc00a2c39e90264f33305004495a9","hash":"762cbb82f7afe38a36105523324e46c02ae4e26e"}
,"C:\\Users\\alber\\OneDrive - Educacyl\\AgroMind\\backend\\controllers\\ParcelaController.js": {"path":"C:\\Users\\alber\\OneDrive - Educacyl\\AgroMind\\backend\\controllers\\ParcelaController.js","statementMap":{"0":{"start":{"line":1,"column":18},"end":{"line":1,"column":46}},"1":{"start":{"line":2,"column":18},"end":{"line":2,"column":48}},"2":{"start":{"line":3,"column":12},"end":{"line":3,"column":35}},"3":{"start":{"line":6,"column":23},"end":{"line":23,"column":1}},"4":{"start":{"line":7,"column":2},"end":{"line":22,"column":3}},"5":{"start":{"line":8,"column":18},"end":{"line":8,"column":69}},"6":{"start":{"line":9,"column":22},"end":{"line":9,"column":36}},"7":{"start":{"line":11,"column":4},"end":{"line":13,"column":5}},"8":{"start":{"line":12,"column":6},"end":{"line":12,"column":65}},"9":{"start":{"line":15,"column":20},"end":{"line":15,"column":61}},"10":{"start":{"line":16,"column":20},"end":{"line":16,"column":129}},"11":{"start":{"line":18,"column":4},"end":{"line":18,"column":26}},"12":{"start":{"line":20,"column":4},"end":{"line":20,"column":54}},"13":{"start":{"line":21,"column":4},"end":{"line":21,"column":62}},"14":{"start":{"line":26,"column":25},"end":{"line":54,"column":1}},"15":{"start":{"line":27,"column":2},"end":{"line":53,"column":3}},"16":{"start":{"line":28,"column":4},"end":{"line":28,"column":71}},"17":{"start":{"line":29,"column":4},"end":{"line":29,"column":46}},"18":{"start":{"line":31,"column":54},"end":{"line":31,"column":62}},"19":{"start":{"line":32,"column":22},"end":{"line":32,"column":36}},"20":{"start":{"line":34,"column":4},"end":{"line":36,"column":5}},"21":{"start":{"line":35,"column":6},"end":{"line":35,"column":85}},"22":{"start":{"line":40,"column":25},"end":{"line":46,"column":6}},"23":{"start":{"line":48,"column":4},"end":{"line":48,"column":73}},"24":{"start":{"line":49,"column":4},"end":{"line":49,"column":97}},"25":{"start":{"line":51,"column":4},"end":{"line":51,"column":56}},"26":{"start":{"line":52,"column":4},"end":{"line":52,"column":62}},"27":{"start":{"line":56,"column":35},"end":{"line":79,"column":1}},"28":{"start":{"line":57,"column":2},"end":{"line":78,"column":3}},"29":{"start":{"line":58,"column":22},"end":{"line":58,"column":36}},"30":{"start":{"line":59,"column":34},"end":{"line":59,"column":42}},"31":{"start":{"line":61,"column":4},"end":{"line":63,"column":5}},"32":{"start":{"line":62,"column":6},"end":{"line":62,"column":85}},"33":{"start":{"line":65,"column":20},"end":{"line":65,"column":67}},"34":{"start":{"line":66,"column":4},"end":{"line":68,"column":5}},"35":{"start":{"line":67,"column":6},"end":{"line":67,"column":91}},"36":{"start":{"line":70,"column":4},"end":{"line":70,"column":30}},"37":{"start":{"line":71,"column":4},"end":{"line":71,"column":32}},"38":{"start":{"line":72,"column":4},"end":{"line":72,"column":25}},"39":{"start":{"line":74,"column":4},"end":{"line":74,"column":89}},"40":{"start":{"line":76,"column":4},"end":{"line":76,"column":80}},"41":{"start":{"line":77,"column":4},"end":{"line":77,"column":72}},"42":{"start":{"line":81,"column":0},"end":{"line":81,"column":81}}},"fnMap":{"0":{"name":"(anonymous_0)","decl":{"start":{"line":6,"column":23},"end":{"line":6,"column":24}},"loc":{"start":{"line":6,"column":43},"end":{"line":23,"column":1}},"line":6},"1":{"name":"(anonymous_1)","decl":{"start":{"line":26,"column":25},"end":{"line":26,"column":26}},"loc":{"start":{"line":26,"column":45},"end":{"line":54,"column":1}},"line":26},"2":{"name":"(anonymous_2)","decl":{"start":{"line":56,"column":35},"end":{"line":56,"column":36}},"loc":{"start":{"line":56,"column":55},"end":{"line":79,"column":1}},"line":56}},"branchMap":{"0":{"loc":{"start":{"line":11,"column":4},"end":{"line":13,"column":5}},"type":"if","locations":[{"start":{"line":11,"column":4},"end":{"line":13,"column":5}},{"start":{},"end":{}}],"line":11},"1":{"loc":{"start":{"line":34,"column":4},"end":{"line":36,"column":5}},"type":"if","locations":[{"start":{"line":34,"column":4},"end":{"line":36,"column":5}},{"start":{},"end":{}}],"line":34},"2":{"loc":{"start":{"line":34,"column":8},"end":{"line":34,"column":56}},"type":"binary-expr","locations":[{"start":{"line":34,"column":8},"end":{"line":34,"column":15}},{"start":{"line":34,"column":19},"end":{"line":34,"column":27}},{"start":{"line":34,"column":31},"end":{"line":34,"column":40}},{"start":{"line":34,"column":44},"end":{"line":34,"column":56}}],"line":34},"3":{"loc":{"start":{"line":61,"column":4},"end":{"line":63,"column":5}},"type":"if","locations":[{"start":{"line":61,"column":4},"end":{"line":63,"column":5}},{"start":{},"end":{}}],"line":61},"4":{"loc":{"start":{"line":61,"column":8},"end":{"line":61,"column":29}},"type":"binary-expr","locations":[{"start":{"line":61,"column":8},"end":{"line":61,"column":16}},{"start":{"line":61,"column":20},"end":{"line":61,"column":29}}],"line":61},"5":{"loc":{"start":{"line":66,"column":4},"end":{"line":68,"column":5}},"type":"if","locations":[{"start":{"line":66,"column":4},"end":{"line":68,"column":5}},{"start":{},"end":{}}],"line":66}},"s":{"0":2,"1":2,"2":2,"3":2,"4":1,"5":1,"6":1,"7":1,"8":0,"9":1,"10":1,"11":1,"12":0,"13":0,"14":2,"15":2,"16":2,"17":2,"18":2,"19":2,"20":2,"21":1,"22":1,"23":1,"24":1,"25":0,"26":0,"27":2,"28":3,"29":3,"30":3,"31":3,"32":1,"33":2,"34":2,"35":1,"36":1,"37":1,"38":1,"39":1,"40":0,"41":0,"42":2},"f":{"0":1,"1":2,"2":3},"b":{"0":[0,1],"1":[1,1],"2":[2,2,1,1],"3":[1,2],"4":[3,2],"5":[1,1]},"_coverageSchema":"1a1c01bbd47fc00a2c39e90264f33305004495a9","hash":"95b34ade386893a1e2ffd795edd27f8b76fefb31"}
,"C:\\Users\\alber\\OneDrive - Educacyl\\AgroMind\\backend\\controllers\\ProvinciaController.js": {"path":"C:\\Users\\alber\\OneDrive - Educacyl\\AgroMind\\backend\\controllers\\ProvinciaController.js","statementMap":{"0":{"start":{"line":1,"column":18},"end":{"line":1,"column":48}},"1":{"start":{"line":4,"column":26},"end":{"line":12,"column":3}},"2":{"start":{"line":5,"column":4},"end":{"line":11,"column":5}},"3":{"start":{"line":6,"column":25},"end":{"line":6,"column":82}},"4":{"start":{"line":7,"column":6},"end":{"line":7,"column":27}},"5":{"start":{"line":9,"column":6},"end":{"line":9,"column":59}},"6":{"start":{"line":10,"column":6},"end":{"line":10,"column":64}},"7":{"start":{"line":14,"column":2},"end":{"line":16,"column":4}}},"fnMap":{"0":{"name":"(anonymous_0)","decl":{"start":{"line":4,"column":26},"end":{"line":4,"column":27}},"loc":{"start":{"line":4,"column":46},"end":{"line":12,"column":3}},"line":4}},"branchMap":{},"s":{"0":2,"1":2,"2":2,"3":2,"4":1,"5":1,"6":1,"7":2},"f":{"0":2},"b":{},"_coverageSchema":"1a1c01bbd47fc00a2c39e90264f33305004495a9","hash":"54722adb9aebe8319c07735fc379988367915d05"}
,"C:\\Users\\alber\\OneDrive - Educacyl\\AgroMind\\backend\\controllers\\RecomendacionIAController.js": {"path":"C:\\Users\\alber\\OneDrive - Educacyl\\AgroMind\\backend\\controllers\\RecomendacionIAController.js","statementMap":{"0":{"start":{"line":1,"column":12},"end":{"line":1,"column":35}},"1":{"start":{"line":2,"column":16},"end":{"line":2,"column":44}},"2":{"start":{"line":3,"column":20},"end":{"line":3,"column":52}},"3":{"start":{"line":4,"column":16},"end":{"line":4,"column":44}},"4":{"start":{"line":5,"column":21},"end":{"line":5,"column":64}},"5":{"start":{"line":6,"column":24},"end":{"line":6,"column":60}},"6":{"start":{"line":7,"column":42},"end":{"line":7,"column":79}},"7":{"start":{"line":9,"column":31},"end":{"line":77,"column":1}},"8":{"start":{"line":10,"column":2},"end":{"line":76,"column":3}},"9":{"start":{"line":11,"column":18},"end":{"line":11,"column":69}},"10":{"start":{"line":12,"column":20},"end":{"line":12,"column":61}},"11":{"start":{"line":13,"column":22},"end":{"line":13,"column":32}},"12":{"start":{"line":16,"column":20},"end":{"line":16,"column":67}},"13":{"start":{"line":17,"column":4},"end":{"line":17,"column":82}},"14":{"start":{"line":17,"column":18},"end":{"line":17,"column":82}},"15":{"start":{"line":20,"column":21},"end":{"line":25,"column":6}},"16":{"start":{"line":27,"column":4},"end":{"line":27,"column":89}},"17":{"start":{"line":27,"column":31},"end":{"line":27,"column":89}},"18":{"start":{"line":30,"column":16},"end":{"line":30,"column":54}},"19":{"start":{"line":31,"column":23},"end":{"line":43,"column":6}},"20":{"start":{"line":45,"column":4},"end":{"line":47,"column":5}},"21":{"start":{"line":46,"column":6},"end":{"line":46,"column":55}},"22":{"start":{"line":48,"column":18},"end":{"line":50,"column":6}},"23":{"start":{"line":52,"column":4},"end":{"line":52,"column":81}},"24":{"start":{"line":52,"column":16},"end":{"line":52,"column":81}},"25":{"start":{"line":55,"column":28},"end":{"line":55,"column":80}},"26":{"start":{"line":58,"column":22},"end":{"line":69,"column":5}},"27":{"start":{"line":60,"column":8},"end":{"line":67,"column":10}},"28":{"start":{"line":72,"column":4},"end":{"line":72,"column":45}},"29":{"start":{"line":74,"column":4},"end":{"line":74,"column":73}},"30":{"start":{"line":75,"column":4},"end":{"line":75,"column":75}},"31":{"start":{"line":78,"column":41},"end":{"line":100,"column":1}},"32":{"start":{"line":79,"column":2},"end":{"line":99,"column":3}},"33":{"start":{"line":80,"column":18},"end":{"line":80,"column":69}},"34":{"start":{"line":81,"column":20},"end":{"line":81,"column":61}},"35":{"start":{"line":82,"column":22},"end":{"line":82,"column":32}},"36":{"start":{"line":84,"column":26},"end":{"line":84,"column":36}},"37":{"start":{"line":85,"column":16},"end":{"line":85,"column":54}},"38":{"start":{"line":87,"column":28},"end":{"line":93,"column":6}},"39":{"start":{"line":95,"column":4},"end":{"line":95,"column":34}},"40":{"start":{"line":97,"column":4},"end":{"line":97,"column":82}},"41":{"start":{"line":98,"column":4},"end":{"line":98,"column":72}},"42":{"start":{"line":102,"column":0},"end":{"line":102,"column":77}}},"fnMap":{"0":{"name":"(anonymous_0)","decl":{"start":{"line":9,"column":31},"end":{"line":9,"column":32}},"loc":{"start":{"line":9,"column":51},"end":{"line":77,"column":1}},"line":9},"1":{"name":"(anonymous_1)","decl":{"start":{"line":59,"column":26},"end":{"line":59,"column":27}},"loc":{"start":{"line":60,"column":8},"end":{"line":67,"column":10}},"line":60},"2":{"name":"(anonymous_2)","decl":{"start":{"line":78,"column":41},"end":{"line":78,"column":42}},"loc":{"start":{"line":78,"column":61},"end":{"line":100,"column":1}},"line":78}},"branchMap":{"0":{"loc":{"start":{"line":17,"column":4},"end":{"line":17,"column":82}},"type":"if","locations":[{"start":{"line":17,"column":4},"end":{"line":17,"column":82}},{"start":{},"end":{}}],"line":17},"1":{"loc":{"start":{"line":27,"column":4},"end":{"line":27,"column":89}},"type":"if","locations":[{"start":{"line":27,"column":4},"end":{"line":27,"column":89}},{"start":{},"end":{}}],"line":27},"2":{"loc":{"start":{"line":45,"column":4},"end":{"line":47,"column":5}},"type":"if","locations":[{"start":{"line":45,"column":4},"end":{"line":47,"column":5}},{"start":{},"end":{}}],"line":45},"3":{"loc":{"start":{"line":52,"column":4},"end":{"line":52,"column":81}},"type":"if","locations":[{"start":{"line":52,"column":4},"end":{"line":52,"column":81}},{"start":{},"end":{}}],"line":52}},"s":{"0":1,"1":1,"2":1,"3":1,"4":1,"5":1,"6":1,"7":1,"8":4,"9":4,"10":4,"11":4,"12":4,"13":4,"14":1,"15":3,"16":3,"17":1,"18":2,"19":2,"20":2,"21":1,"22":1,"23":1,"24":0,"25":1,"26":1,"27":1,"28":1,"29":0,"30":0,"31":1,"32":2,"33":2,"34":2,"35":2,"36":2,"37":2,"38":2,"39":2,"40":0,"41":0,"42":1},"f":{"0":4,"1":1,"2":2},"b":{"0":[1,3],"1":[1,2],"2":[1,1],"3":[0,1]},"_coverageSchema":"1a1c01bbd47fc00a2c39e90264f33305004495a9","hash":"81120d7fe07cfadcd56eda57b96de22154c61e61"}
,"C:\\Users\\alber\\OneDrive - Educacyl\\AgroMind\\backend\\controllers\\TipoCultivoController.js": {"path":"C:\\Users\\alber\\OneDrive - Educacyl\\AgroMind\\backend\\controllers\\TipoCultivoController.js","statementMap":{"0":{"start":{"line":1,"column":20},"end":{"line":1,"column":52}},"1":{"start":{"line":3,"column":27},"end":{"line":11,"column":1}},"2":{"start":{"line":4,"column":2},"end":{"line":10,"column":3}},"3":{"start":{"line":5,"column":24},"end":{"line":5,"column":51}},"4":{"start":{"line":6,"column":4},"end":{"line":6,"column":30}},"5":{"start":{"line":8,"column":4},"end":{"line":8,"column":71}},"6":{"start":{"line":9,"column":4},"end":{"line":9,"column":73}},"7":{"start":{"line":13,"column":0},"end":{"line":13,"column":36}}},"fnMap":{"0":{"name":"(anonymous_0)","decl":{"start":{"line":3,"column":27},"end":{"line":3,"column":28}},"loc":{"start":{"line":3,"column":47},"end":{"line":11,"column":1}},"line":3}},"branchMap":{},"s":{"0":1,"1":1,"2":2,"3":2,"4":1,"5":1,"6":1,"7":1},"f":{"0":2},"b":{},"_coverageSchema":"1a1c01bbd47fc00a2c39e90264f33305004495a9","hash":"c16be86192170e09f6f5e2ccedac2c3c483fe141"}
,"C:\\Users\\alber\\OneDrive - Educacyl\\AgroMind\\backend\\controllers\\UsuarioController.js": {"path":"C:\\Users\\alber\\OneDrive - Educacyl\\AgroMind\\backend\\controllers\\UsuarioController.js","statementMap":{"0":{"start":{"line":1,"column":15},"end":{"line":1,"column":34}},"1":{"start":{"line":2,"column":12},"end":{"line":2,"column":35}},"2":{"start":{"line":3,"column":16},"end":{"line":3,"column":44}},"3":{"start":{"line":4,"column":16},"end":{"line":4,"column":44}},"4":{"start":{"line":6,"column":17},"end":{"line":52,"column":1}},"5":{"start":{"line":7,"column":2},"end":{"line":51,"column":3}},"6":{"start":{"line":8,"column":40},"end":{"line":8,"column":48}},"7":{"start":{"line":11,"column":4},"end":{"line":13,"column":5}},"8":{"start":{"line":12,"column":6},"end":{"line":12,"column":93}},"9":{"start":{"line":16,"column":23},"end":{"line":16,"column":67}},"10":{"start":{"line":17,"column":4},"end":{"line":19,"column":5}},"11":{"start":{"line":18,"column":6},"end":{"line":18,"column":72}},"12":{"start":{"line":22,"column":4},"end":{"line":24,"column":5}},"13":{"start":{"line":23,"column":6},"end":{"line":23,"column":97}},"14":{"start":{"line":27,"column":29},"end":{"line":27,"column":72}},"15":{"start":{"line":28,"column":4},"end":{"line":30,"column":5}},"16":{"start":{"line":29,"column":6},"end":{"line":29,"column":79}},"17":{"start":{"line":33,"column":27},"end":{"line":33,"column":58}},"18":{"start":{"line":36,"column":4},"end":{"line":40,"column":7}},"19":{"start":{"line":42,"column":4},"end":{"line":44,"column":7}},"20":{"start":{"line":46,"column":4},"end":{"line":46,"column":47}},"21":{"start":{"line":47,"column":4},"end":{"line":50,"column":7}},"22":{"start":{"line":54,"column":14},"end":{"line":78,"column":1}},"23":{"start":{"line":55,"column":2},"end":{"line":77,"column":3}},"24":{"start":{"line":56,"column":32},"end":{"line":56,"column":40}},"25":{"start":{"line":57,"column":20},"end":{"line":57,"column":63}},"26":{"start":{"line":59,"column":4},"end":{"line":61,"column":5}},"27":{"start":{"line":60,"column":6},"end":{"line":60,"column":75}},"28":{"start":{"line":63,"column":20},"end":{"line":63,"column":79}},"29":{"start":{"line":65,"column":18},"end":{"line":67,"column":6}},"30":{"start":{"line":69,"column":4},"end":{"line":73,"column":7}},"31":{"start":{"line":75,"column":4},"end":{"line":75,"column":41}},"32":{"start":{"line":76,"column":4},"end":{"line":76,"column":62}},"33":{"start":{"line":80,"column":22},"end":{"line":93,"column":1}},"34":{"start":{"line":81,"column":2},"end":{"line":92,"column":3}},"35":{"start":{"line":82,"column":20},"end":{"line":84,"column":6}},"36":{"start":{"line":85,"column":4},"end":{"line":87,"column":5}},"37":{"start":{"line":86,"column":6},"end":{"line":86,"column":72}},"38":{"start":{"line":88,"column":4},"end":{"line":88,"column":22}},"39":{"start":{"line":90,"column":4},"end":{"line":90,"column":53}},"40":{"start":{"line":91,"column":4},"end":{"line":91,"column":62}},"41":{"start":{"line":95,"column":25},"end":{"line":114,"column":1}},"42":{"start":{"line":96,"column":2},"end":{"line":113,"column":3}},"43":{"start":{"line":97,"column":30},"end":{"line":97,"column":38}},"44":{"start":{"line":98,"column":20},"end":{"line":98,"column":58}},"45":{"start":{"line":100,"column":4},"end":{"line":102,"column":5}},"46":{"start":{"line":101,"column":6},"end":{"line":101,"column":72}},"47":{"start":{"line":104,"column":4},"end":{"line":104,"column":46}},"48":{"start":{"line":105,"column":4},"end":{"line":105,"column":43}},"49":{"start":{"line":107,"column":4},"end":{"line":107,"column":25}},"50":{"start":{"line":109,"column":4},"end":{"line":109,"column":71}},"51":{"start":{"line":111,"column":4},"end":{"line":111,"column":56}},"52":{"start":{"line":112,"column":4},"end":{"line":112,"column":62}},"53":{"start":{"line":116,"column":0},"end":{"line":116,"column":63}}},"fnMap":{"0":{"name":"(anonymous_0)","decl":{"start":{"line":6,"column":17},"end":{"line":6,"column":18}},"loc":{"start":{"line":6,"column":37},"end":{"line":52,"column":1}},"line":6},"1":{"name":"(anonymous_1)","decl":{"start":{"line":54,"column":14},"end":{"line":54,"column":15}},"loc":{"start":{"line":54,"column":34},"end":{"line":78,"column":1}},"line":54},"2":{"name":"(anonymous_2)","decl":{"start":{"line":80,"column":22},"end":{"line":80,"column":23}},"loc":{"start":{"line":80,"column":42},"end":{"line":93,"column":1}},"line":80},"3":{"name":"(anonymous_3)","decl":{"start":{"line":95,"column":25},"end":{"line":95,"column":26}},"loc":{"start":{"line":95,"column":45},"end":{"line":114,"column":1}},"line":95}},"branchMap":{"0":{"loc":{"start":{"line":11,"column":4},"end":{"line":13,"column":5}},"type":"if","locations":[{"start":{"line":11,"column":4},"end":{"line":13,"column":5}},{"start":{},"end":{}}],"line":11},"1":{"loc":{"start":{"line":11,"column":8},"end":{"line":11,"column":43}},"type":"binary-expr","locations":[{"start":{"line":11,"column":8},"end":{"line":11,"column":15}},{"start":{"line":11,"column":19},"end":{"line":11,"column":43}}],"line":11},"2":{"loc":{"start":{"line":17,"column":4},"end":{"line":19,"column":5}},"type":"if","locations":[{"start":{"line":17,"column":4},"end":{"line":19,"column":5}},{"start":{},"end":{}}],"line":17},"3":{"loc":{"start":{"line":17,"column":8},"end":{"line":17,"column":41}},"type":"binary-expr","locations":[{"start":{"line":17,"column":8},"end":{"line":17,"column":14}},{"start":{"line":17,"column":18},"end":{"line":17,"column":41}}],"line":17},"4":{"loc":{"start":{"line":22,"column":4},"end":{"line":24,"column":5}},"type":"if","locations":[{"start":{"line":22,"column":4},"end":{"line":24,"column":5}},{"start":{},"end":{}}],"line":22},"5":{"loc":{"start":{"line":22,"column":8},"end":{"line":22,"column":40}},"type":"binary-expr","locations":[{"start":{"line":22,"column":8},"end":{"line":22,"column":17}},{"start":{"line":22,"column":21},"end":{"line":22,"column":40}}],"line":22},"6":{"loc":{"start":{"line":28,"column":4},"end":{"line":30,"column":5}},"type":"if","locations":[{"start":{"line":28,"column":4},"end":{"line":30,"column":5}},{"start":{},"end":{}}],"line":28},"7":{"loc":{"start":{"line":59,"column":4},"end":{"line":61,"column":5}},"type":"if","locations":[{"start":{"line":59,"column":4},"end":{"line":61,"column":5}},{"start":{},"end":{}}],"line":59},"8":{"loc":{"start":{"line":59,"column":8},"end":{"line":59,"column":71}},"type":"binary-expr","locations":[{"start":{"line":59,"column":8},"end":{"line":59,"column":16}},{"start":{"line":59,"column":20},"end":{"line":59,"column":71}}],"line":59},"9":{"loc":{"start":{"line":85,"column":4},"end":{"line":87,"column":5}},"type":"if","locations":[{"start":{"line":85,"column":4},"end":{"line":87,"column":5}},{"start":{},"end":{}}],"line":85},"10":{"loc":{"start":{"line":100,"column":4},"end":{"line":102,"column":5}},"type":"if","locations":[{"start":{"line":100,"column":4},"end":{"line":102,"column":5}},{"start":{},"end":{}}],"line":100},"11":{"loc":{"start":{"line":104,"column":21},"end":{"line":104,"column":45}},"type":"binary-expr","locations":[{"start":{"line":104,"column":21},"end":{"line":104,"column":27}},{"start":{"line":104,"column":31},"end":{"line":104,"column":45}}],"line":104},"12":{"loc":{"start":{"line":105,"column":20},"end":{"line":105,"column":42}},"type":"binary-expr","locations":[{"start":{"line":105,"column":20},"end":{"line":105,"column":25}},{"start":{"line":105,"column":29},"end":{"line":105,"column":42}}],"line":105}},"s":{"0":1,"1":1,"2":1,"3":1,"4":1,"5":2,"6":2,"7":2,"8":0,"9":2,"10":2,"11":0,"12":2,"13":0,"14":2,"15":2,"16":1,"17":1,"18":1,"19":1,"20":0,"21":0,"22":1,"23":2,"24":2,"25":2,"26":2,"27":1,"28":1,"29":1,"30":1,"31":0,"32":0,"33":1,"34":2,"35":2,"36":2,"37":1,"38":1,"39":0,"40":0,"41":1,"42":2,"43":2,"44":2,"45":2,"46":1,"47":1,"48":1,"49":1,"50":1,"51":0,"52":0,"53":1},"f":{"0":2,"1":2,"2":2,"3":2},"b":{"0":[0,2],"1":[2,2],"2":[0,2],"3":[2,2],"4":[0,2],"5":[2,2],"6":[1,1],"7":[1,1],"8":[2,2],"9":[1,1],"10":[1,1],"11":[1,0],"12":[1,0]},"_coverageSchema":"1a1c01bbd47fc00a2c39e90264f33305004495a9","hash":"87a9faae0d47dfa573744f34405a0e0b3ecf9282"}
,"C:\\Users\\alber\\OneDrive - Educacyl\\AgroMind\\backend\\controllers\\WeatherController.js": {"path":"C:\\Users\\alber\\OneDrive - Educacyl\\AgroMind\\backend\\controllers\\WeatherController.js","statementMap":{"0":{"start":{"line":1,"column":14},"end":{"line":1,"column":30}},"1":{"start":{"line":2,"column":21},"end":{"line":2,"column":64}},"2":{"start":{"line":3,"column":16},"end":{"line":3,"column":44}},"3":{"start":{"line":4,"column":12},"end":{"line":4,"column":35}},"4":{"start":{"line":6,"column":23},"end":{"line":41,"column":3}},"5":{"start":{"line":7,"column":4},"end":{"line":40,"column":5}},"6":{"start":{"line":8,"column":20},"end":{"line":8,"column":71}},"7":{"start":{"line":9,"column":22},"end":{"line":9,"column":63}},"8":{"start":{"line":11,"column":22},"end":{"line":11,"column":81}},"9":{"start":{"line":12,"column":6},"end":{"line":12,"column":84}},"10":{"start":{"line":12,"column":20},"end":{"line":12,"column":84}},"11":{"start":{"line":14,"column":36},"end":{"line":14,"column":43}},"12":{"start":{"line":16,"column":18},"end":{"line":16,"column":187}},"13":{"start":{"line":17,"column":23},"end":{"line":17,"column":43}},"14":{"start":{"line":19,"column":22},"end":{"line":19,"column":43}},"15":{"start":{"line":23,"column":24},"end":{"line":23,"column":43}},"16":{"start":{"line":24,"column":6},"end":{"line":27,"column":34}},"17":{"start":{"line":24,"column":27},"end":{"line":24,"column":46}},"18":{"start":{"line":25,"column":11},"end":{"line":27,"column":34}},"19":{"start":{"line":25,"column":32},"end":{"line":25,"column":64}},"20":{"start":{"line":26,"column":11},"end":{"line":27,"column":34}},"21":{"start":{"line":26,"column":32},"end":{"line":26,"column":51}},"22":{"start":{"line":27,"column":11},"end":{"line":27,"column":34}},"23":{"start":{"line":29,"column":6},"end":{"line":35,"column":9}},"24":{"start":{"line":38,"column":6},"end":{"line":38,"column":72}},"25":{"start":{"line":39,"column":6},"end":{"line":39,"column":81}},"26":{"start":{"line":43,"column":29},"end":{"line":93,"column":3}},"27":{"start":{"line":44,"column":4},"end":{"line":92,"column":5}},"28":{"start":{"line":45,"column":20},"end":{"line":45,"column":71}},"29":{"start":{"line":46,"column":22},"end":{"line":46,"column":63}},"30":{"start":{"line":47,"column":22},"end":{"line":47,"column":81}},"31":{"start":{"line":49,"column":6},"end":{"line":49,"column":84}},"32":{"start":{"line":49,"column":20},"end":{"line":49,"column":84}},"33":{"start":{"line":51,"column":18},"end":{"line":51,"column":56}},"34":{"start":{"line":54,"column":21},"end":{"line":59,"column":8}},"35":{"start":{"line":61,"column":6},"end":{"line":63,"column":7}},"36":{"start":{"line":62,"column":8},"end":{"line":62,"column":80}},"37":{"start":{"line":66,"column":36},"end":{"line":66,"column":43}},"38":{"start":{"line":67,"column":18},"end":{"line":67,"column":332}},"39":{"start":{"line":69,"column":23},"end":{"line":69,"column":43}},"40":{"start":{"line":70,"column":20},"end":{"line":70,"column":39}},"41":{"start":{"line":72,"column":6},"end":{"line":86,"column":9}},"42":{"start":{"line":88,"column":6},"end":{"line":88,"column":80}},"43":{"start":{"line":90,"column":6},"end":{"line":90,"column":68}},"44":{"start":{"line":91,"column":6},"end":{"line":91,"column":71}},"45":{"start":{"line":95,"column":21},"end":{"line":120,"column":3}},"46":{"start":{"line":96,"column":4},"end":{"line":119,"column":5}},"47":{"start":{"line":97,"column":26},"end":{"line":97,"column":48}},"48":{"start":{"line":98,"column":18},"end":{"line":98,"column":56}},"49":{"start":{"line":100,"column":20},"end":{"line":106,"column":8}},"50":{"start":{"line":108,"column":6},"end":{"line":110,"column":7}},"51":{"start":{"line":109,"column":8},"end":{"line":109,"column":81}},"52":{"start":{"line":112,"column":6},"end":{"line":115,"column":9}},"53":{"start":{"line":117,"column":6},"end":{"line":117,"column":69}},"54":{"start":{"line":118,"column":6},"end":{"line":118,"column":68}},"55":{"start":{"line":121,"column":22},"end":{"line":160,"column":3}},"56":{"start":{"line":122,"column":4},"end":{"line":159,"column":5}},"57":{"start":{"line":123,"column":20},"end":{"line":123,"column":71}},"58":{"start":{"line":124,"column":22},"end":{"line":124,"column":63}},"59":{"start":{"line":126,"column":22},"end":{"line":126,"column":81}},"60":{"start":{"line":127,"column":6},"end":{"line":127,"column":84}},"61":{"start":{"line":127,"column":20},"end":{"line":127,"column":84}},"62":{"start":{"line":129,"column":18},"end":{"line":129,"column":56}},"63":{"start":{"line":131,"column":20},"end":{"line":136,"column":8}},"64":{"start":{"line":138,"column":6},"end":{"line":140,"column":7}},"65":{"start":{"line":139,"column":8},"end":{"line":139,"column":88}},"66":{"start":{"line":142,"column":6},"end":{"line":155,"column":9}},"67":{"start":{"line":157,"column":6},"end":{"line":157,"column":71}},"68":{"start":{"line":158,"column":6},"end":{"line":158,"column":95}},"69":{"start":{"line":165,"column":0},"end":{"line":167,"column":2}}},"fnMap":{"0":{"name":"(anonymous_0)","decl":{"start":{"line":6,"column":23},"end":{"line":6,"column":24}},"loc":{"start":{"line":6,"column":43},"end":{"line":41,"column":3}},"line":6},"1":{"name":"(anonymous_1)","decl":{"start":{"line":43,"column":29},"end":{"line":43,"column":30}},"loc":{"start":{"line":43,"column":49},"end":{"line":93,"column":3}},"line":43},"2":{"name":"(anonymous_2)","decl":{"start":{"line":95,"column":21},"end":{"line":95,"column":22}},"loc":{"start":{"line":95,"column":41},"end":{"line":120,"column":3}},"line":95},"3":{"name":"(anonymous_3)","decl":{"start":{"line":121,"column":22},"end":{"line":121,"column":23}},"loc":{"start":{"line":121,"column":42},"end":{"line":160,"column":3}},"line":121}},"branchMap":{"0":{"loc":{"start":{"line":12,"column":6},"end":{"line":12,"column":84}},"type":"if","locations":[{"start":{"line":12,"column":6},"end":{"line":12,"column":84}},{"start":{},"end":{}}],"line":12},"1":{"loc":{"start":{"line":24,"column":6},"end":{"line":27,"column":34}},"type":"if","locations":[{"start":{"line":24,"column":6},"end":{"line":27,"column":34}},{"start":{"line":25,"column":11},"end":{"line":27,"column":34}}],"line":24},"2":{"loc":{"start":{"line":25,"column":11},"end":{"line":27,"column":34}},"type":"if","locations":[{"start":{"line":25,"column":11},"end":{"line":27,"column":34}},{"start":{"line":26,"column":11},"end":{"line":27,"column":34}}],"line":25},"3":{"loc":{"start":{"line":26,"column":11},"end":{"line":27,"column":34}},"type":"if","locations":[{"start":{"line":26,"column":11},"end":{"line":27,"column":34}},{"start":{"line":27,"column":11},"end":{"line":27,"column":34}}],"line":26},"4":{"loc":{"start":{"line":49,"column":6},"end":{"line":49,"column":84}},"type":"if","locations":[{"start":{"line":49,"column":6},"end":{"line":49,"column":84}},{"start":{},"end":{}}],"line":49},"5":{"loc":{"start":{"line":61,"column":6},"end":{"line":63,"column":7}},"type":"if","locations":[{"start":{"line":61,"column":6},"end":{"line":63,"column":7}},{"start":{},"end":{}}],"line":61},"6":{"loc":{"start":{"line":108,"column":6},"end":{"line":110,"column":7}},"type":"if","locations":[{"start":{"line":108,"column":6},"end":{"line":110,"column":7}},{"start":{},"end":{}}],"line":108},"7":{"loc":{"start":{"line":127,"column":6},"end":{"line":127,"column":84}},"type":"if","locations":[{"start":{"line":127,"column":6},"end":{"line":127,"column":84}},{"start":{},"end":{}}],"line":127},"8":{"loc":{"start":{"line":138,"column":6},"end":{"line":140,"column":7}},"type":"if","locations":[{"start":{"line":138,"column":6},"end":{"line":140,"column":7}},{"start":{},"end":{}}],"line":138}},"s":{"0":2,"1":2,"2":2,"3":2,"4":2,"5":1,"6":1,"7":1,"8":1,"9":1,"10":0,"11":1,"12":1,"13":1,"14":1,"15":1,"16":1,"17":0,"18":1,"19":0,"20":1,"21":1,"22":0,"23":1,"24":0,"25":0,"26":2,"27":2,"28":2,"29":2,"30":2,"31":2,"32":0,"33":2,"34":2,"35":2,"36":1,"37":1,"38":1,"39":1,"40":1,"41":1,"42":1,"43":0,"44":0,"45":2,"46":2,"47":2,"48":2,"49":2,"50":2,"51":1,"52":1,"53":0,"54":0,"55":2,"56":0,"57":0,"58":0,"59":0,"60":0,"61":0,"62":0,"63":0,"64":0,"65":0,"66":0,"67":0,"68":0,"69":2},"f":{"0":1,"1":2,"2":2,"3":0},"b":{"0":[0,1],"1":[0,1],"2":[0,1],"3":[1,0],"4":[0,2],"5":[1,1],"6":[1,1],"7":[0,0],"8":[0,0]},"_coverageSchema":"1a1c01bbd47fc00a2c39e90264f33305004495a9","hash":"2737b5194fb2747a916636d252d913f2a52acd04"}
,"C:\\Users\\alber\\OneDrive - Educacyl\\AgroMind\\backend\\middleware\\authMiddleware.js": {"path":"C:\\Users\\alber\\OneDrive - Educacyl\\AgroMind\\backend\\middleware\\authMiddleware.js","statementMap":{"0":{"start":{"line":1,"column":12},"end":{"line":1,"column":35}},"1":{"start":{"line":3,"column":23},"end":{"line":21,"column":1}},"2":{"start":{"line":4,"column":16},"end":{"line":4,"column":67}},"3":{"start":{"line":6,"column":2},"end":{"line":8,"column":3}},"4":{"start":{"line":7,"column":4},"end":{"line":7,"column":87}},"5":{"start":{"line":10,"column":2},"end":{"line":20,"column":3}},"6":{"start":{"line":12,"column":20},"end":{"line":12,"column":61}},"7":{"start":{"line":13,"column":4},"end":{"line":13,"column":26}},"8":{"start":{"line":15,"column":4},"end":{"line":15,"column":49}},"9":{"start":{"line":16,"column":4},"end":{"line":16,"column":42}},"10":{"start":{"line":17,"column":4},"end":{"line":17,"column":11}},"11":{"start":{"line":19,"column":4},"end":{"line":19,"column":68}},"12":{"start":{"line":23,"column":0},"end":{"line":23,"column":32}}},"fnMap":{"0":{"name":"(anonymous_0)","decl":{"start":{"line":3,"column":23},"end":{"line":3,"column":24}},"loc":{"start":{"line":3,"column":43},"end":{"line":21,"column":1}},"line":3}},"branchMap":{"0":{"loc":{"start":{"line":6,"column":2},"end":{"line":8,"column":3}},"type":"if","locations":[{"start":{"line":6,"column":2},"end":{"line":8,"column":3}},{"start":{},"end":{}}],"line":6}},"s":{"0":3,"1":3,"2":8,"3":8,"4":0,"5":8,"6":8,"7":8,"8":8,"9":8,"10":8,"11":0,"12":3},"f":{"0":8},"b":{"0":[0,8]},"_coverageSchema":"1a1c01bbd47fc00a2c39e90264f33305004495a9","hash":"1f6c4456d016b9b509fb7485d0979c263751c997"}
,"C:\\Users\\alber\\OneDrive - Educacyl\\AgroMind\\backend\\models\\Alerta.js": {"path":"C:\\Users\\alber\\OneDrive - Educacyl\\AgroMind\\backend\\models\\Alerta.js","statementMap":{"0":{"start":{"line":1,"column":22},"end":{"line":1,"column":42}},"1":{"start":{"line":2,"column":18},"end":{"line":2,"column":47}},"2":{"start":{"line":3,"column":16},"end":{"line":3,"column":36}},"3":{"start":{"line":5,"column":15},"end":{"line":50,"column":1}},"4":{"start":{"line":52,"column":0},"end":{"line":52,"column":24}}},"fnMap":{},"branchMap":{},"s":{"0":1,"1":1,"2":1,"3":1,"4":1},"f":{},"b":{},"_coverageSchema":"1a1c01bbd47fc00a2c39e90264f33305004495a9","hash":"4a83ea6a146d608764ad87fa7ef4ef97495d14a5"}
,"C:\\Users\\alber\\OneDrive - Educacyl\\AgroMind\\backend\\models\\MeteorologiaProvincias.js": {"path":"C:\\Users\\alber\\OneDrive - Educacyl\\AgroMind\\backend\\models\\MeteorologiaProvincias.js","statementMap":{"0":{"start":{"line":1,"column":22},"end":{"line":1,"column":42}},"1":{"start":{"line":2,"column":18},"end":{"line":2,"column":47}},"2":{"start":{"line":3,"column":18},"end":{"line":3,"column":40}},"3":{"start":{"line":5,"column":30},"end":{"line":74,"column":1}},"4":{"start":{"line":78,"column":0},"end":{"line":78,"column":39}}},"fnMap":{},"branchMap":{},"s":{"0":1,"1":1,"2":1,"3":1,"4":1},"f":{},"b":{},"_coverageSchema":"1a1c01bbd47fc00a2c39e90264f33305004495a9","hash":"a9b3c2a59f6a8f3039b1b394a0ee1eb38b4c5a20"}
,"C:\\Users\\alber\\OneDrive - Educacyl\\AgroMind\\backend\\models\\Parcela.js": {"path":"C:\\Users\\alber\\OneDrive - Educacyl\\AgroMind\\backend\\models\\Parcela.js","statementMap":{"0":{"start":{"line":1,"column":22},"end":{"line":1,"column":42}},"1":{"start":{"line":2,"column":18},"end":{"line":2,"column":47}},"2":{"start":{"line":3,"column":16},"end":{"line":3,"column":36}},"3":{"start":{"line":4,"column":18},"end":{"line":4,"column":40}},"4":{"start":{"line":6,"column":16},"end":{"line":25,"column":1}},"5":{"start":{"line":27,"column":0},"end":{"line":27,"column":25}}},"fnMap":{},"branchMap":{},"s":{"0":1,"1":1,"2":1,"3":1,"4":1,"5":1},"f":{},"b":{},"_coverageSchema":"1a1c01bbd47fc00a2c39e90264f33305004495a9","hash":"aee97c2b08bcfc578d196b03df4bc5be3d07221c"}
,"C:\\Users\\alber\\OneDrive - Educacyl\\AgroMind\\backend\\models\\Provincia.js": {"path":"C:\\Users\\alber\\OneDrive - Educacyl\\AgroMind\\backend\\models\\Provincia.js","statementMap":{"0":{"start":{"line":1,"column":22},"end":{"line":1,"column":42}},"1":{"start":{"line":2,"column":18},"end":{"line":2,"column":47}},"2":{"start":{"line":4,"column":18},"end":{"line":11,"column":1}},"3":{"start":{"line":13,"column":0},"end":{"line":13,"column":27}}},"fnMap":{},"branchMap":{},"s":{"0":1,"1":1,"2":1,"3":1},"f":{},"b":{},"_coverageSchema":"1a1c01bbd47fc00a2c39e90264f33305004495a9","hash":"49efa8058ec91d3287cfaca17d5b8b5698c02509"}
,"C:\\Users\\alber\\OneDrive - Educacyl\\AgroMind\\backend\\models\\Usuario.js": {"path":"C:\\Users\\alber\\OneDrive - Educacyl\\AgroMind\\backend\\models\\Usuario.js","statementMap":{"0":{"start":{"line":1,"column":22},"end":{"line":1,"column":42}},"1":{"start":{"line":2,"column":18},"end":{"line":2,"column":47}},"2":{"start":{"line":3,"column":16},"end":{"line":15,"column":1}},"3":{"start":{"line":17,"column":0},"end":{"line":17,"column":25}}},"fnMap":{},"branchMap":{},"s":{"0":1,"1":1,"2":1,"3":1},"f":{},"b":{},"_coverageSchema":"1a1c01bbd47fc00a2c39e90264f33305004495a9","hash":"7f8945a64558330006cf4a4b544b497ab3ef0bf8"}
,"C:\\Users\\alber\\OneDrive - Educacyl\\AgroMind\\backend\\routes\\actividadRoutes.js": {"path":"C:\\Users\\alber\\OneDrive - Educacyl\\AgroMind\\backend\\routes\\actividadRoutes.js","statementMap":{"0":{"start":{"line":1,"column":16},"end":{"line":1,"column":34}},"1":{"start":{"line":2,"column":15},"end":{"line":2,"column":31}},"2":{"start":{"line":9,"column":4},"end":{"line":9,"column":49}},"3":{"start":{"line":10,"column":23},"end":{"line":10,"column":62}},"4":{"start":{"line":12,"column":0},"end":{"line":12,"column":54}},"5":{"start":{"line":13,"column":0},"end":{"line":13,"column":80}},"6":{"start":{"line":14,"column":0},"end":{"line":14,"column":74}},"7":{"start":{"line":15,"column":0},"end":{"line":15,"column":41}},"8":{"start":{"line":16,"column":0},"end":{"line":16,"column":41}},"9":{"start":{"line":18,"column":0},"end":{"line":18,"column":24}}},"fnMap":{},"branchMap":{},"s":{"0":1,"1":1,"2":1,"3":1,"4":1,"5":1,"6":1,"7":1,"8":1,"9":1},"f":{},"b":{},"_coverageSchema":"1a1c01bbd47fc00a2c39e90264f33305004495a9","hash":"56d0cec5b95be760e6d0f50077aa05423a02eff1"}
,"C:\\Users\\alber\\OneDrive - Educacyl\\AgroMind\\backend\\routes\\asistenteRoutes.js": {"path":"C:\\Users\\alber\\OneDrive - Educacyl\\AgroMind\\backend\\routes\\asistenteRoutes.js","statementMap":{"0":{"start":{"line":1,"column":16},"end":{"line":1,"column":34}},"1":{"start":{"line":2,"column":15},"end":{"line":2,"column":31}},"2":{"start":{"line":3,"column":24},"end":{"line":3,"column":69}},"3":{"start":{"line":4,"column":23},"end":{"line":4,"column":62}},"4":{"start":{"line":6,"column":0},"end":{"line":6,"column":55}},"5":{"start":{"line":8,"column":0},"end":{"line":8,"column":24}}},"fnMap":{},"branchMap":{},"s":{"0":1,"1":1,"2":1,"3":1,"4":1,"5":1},"f":{},"b":{},"_coverageSchema":"1a1c01bbd47fc00a2c39e90264f33305004495a9","hash":"c1eebc5a3ecc84b7e0639cc84902bcd23b75a6bd"}
,"C:\\Users\\alber\\OneDrive - Educacyl\\AgroMind\\backend\\routes\\authRoutes.js": {"path":"C:\\Users\\alber\\OneDrive - Educacyl\\AgroMind\\backend\\routes\\authRoutes.js","statementMap":{"0":{"start":{"line":1,"column":16},"end":{"line":1,"column":34}},"1":{"start":{"line":2,"column":15},"end":{"line":2,"column":31}},"2":{"start":{"line":3,"column":60},"end":{"line":3,"column":103}},"3":{"start":{"line":4,"column":23},"end":{"line":4,"column":62}},"4":{"start":{"line":7,"column":0},"end":{"line":7,"column":35}},"5":{"start":{"line":8,"column":0},"end":{"line":8,"column":29}},"6":{"start":{"line":9,"column":0},"end":{"line":9,"column":65}},"7":{"start":{"line":10,"column":0},"end":{"line":10,"column":52}},"8":{"start":{"line":12,"column":0},"end":{"line":12,"column":24}}},"fnMap":{},"branchMap":{},"s":{"0":1,"1":1,"2":1,"3":1,"4":1,"5":1,"6":1,"7":1,"8":1},"f":{},"b":{},"_coverageSchema":"1a1c01bbd47fc00a2c39e90264f33305004495a9","hash":"974a353eebc8535a691c1cd149ed6ef37168a776"}
,"C:\\Users\\alber\\OneDrive - Educacyl\\AgroMind\\backend\\routes\\cultivoRoutes.js": {"path":"C:\\Users\\alber\\OneDrive - Educacyl\\AgroMind\\backend\\routes\\cultivoRoutes.js","statementMap":{"0":{"start":{"line":1,"column":16},"end":{"line":1,"column":34}},"1":{"start":{"line":2,"column":15},"end":{"line":2,"column":31}},"2":{"start":{"line":3,"column":87},"end":{"line":3,"column":130}},"3":{"start":{"line":4,"column":24},"end":{"line":4,"column":63}},"4":{"start":{"line":6,"column":0},"end":{"line":6,"column":47}},"5":{"start":{"line":7,"column":0},"end":{"line":7,"column":47}},"6":{"start":{"line":8,"column":0},"end":{"line":8,"column":56}},"7":{"start":{"line":9,"column":0},"end":{"line":9,"column":61}},"8":{"start":{"line":10,"column":0},"end":{"line":10,"column":55}},"9":{"start":{"line":13,"column":0},"end":{"line":13,"column":24}}},"fnMap":{},"branchMap":{},"s":{"0":1,"1":1,"2":1,"3":1,"4":1,"5":1,"6":1,"7":1,"8":1,"9":1},"f":{},"b":{},"_coverageSchema":"1a1c01bbd47fc00a2c39e90264f33305004495a9","hash":"5e9a42076fe99a9e6af371d545fe5b5a566a5874"}
,"C:\\Users\\alber\\OneDrive - Educacyl\\AgroMind\\backend\\routes\\parcelaRoutes.js": {"path":"C:\\Users\\alber\\OneDrive - Educacyl\\AgroMind\\backend\\routes\\parcelaRoutes.js","statementMap":{"0":{"start":{"line":1,"column":16},"end":{"line":1,"column":34}},"1":{"start":{"line":2,"column":15},"end":{"line":2,"column":31}},"2":{"start":{"line":3,"column":72},"end":{"line":3,"column":115}},"3":{"start":{"line":4,"column":29},"end":{"line":4,"column":74}},"4":{"start":{"line":5,"column":23},"end":{"line":5,"column":62}},"5":{"start":{"line":7,"column":0},"end":{"line":7,"column":47}},"6":{"start":{"line":9,"column":0},"end":{"line":9,"column":50}},"7":{"start":{"line":11,"column":0},"end":{"line":11,"column":45}},"8":{"start":{"line":14,"column":0},"end":{"line":14,"column":69}},"9":{"start":{"line":19,"column":0},"end":{"line":19,"column":24}}},"fnMap":{},"branchMap":{},"s":{"0":2,"1":2,"2":2,"3":2,"4":2,"5":2,"6":2,"7":2,"8":2,"9":2},"f":{},"b":{},"_coverageSchema":"1a1c01bbd47fc00a2c39e90264f33305004495a9","hash":"a5d6b08c3fdd0e26db268f1767ce524adb8ecd23"}
,"C:\\Users\\alber\\OneDrive - Educacyl\\AgroMind\\backend\\routes\\recomendacionRoutes.js": {"path":"C:\\Users\\alber\\OneDrive - Educacyl\\AgroMind\\backend\\routes\\recomendacionRoutes.js","statementMap":{"0":{"start":{"line":1,"column":16},"end":{"line":1,"column":34}},"1":{"start":{"line":2,"column":15},"end":{"line":2,"column":31}},"2":{"start":{"line":3,"column":69},"end":{"line":3,"column":120}},"3":{"start":{"line":4,"column":23},"end":{"line":4,"column":62}},"4":{"start":{"line":6,"column":0},"end":{"line":6,"column":56}},"5":{"start":{"line":7,"column":0},"end":{"line":7,"column":84}},"6":{"start":{"line":9,"column":0},"end":{"line":9,"column":24}}},"fnMap":{},"branchMap":{},"s":{"0":1,"1":1,"2":1,"3":1,"4":1,"5":1,"6":1},"f":{},"b":{},"_coverageSchema":"1a1c01bbd47fc00a2c39e90264f33305004495a9","hash":"4254f31f65425464aee2d7315eef6f7bd2d600c1"}
,"C:\\Users\\alber\\OneDrive - Educacyl\\AgroMind\\backend\\routes\\tipoCultivoRoutes.js": {"path":"C:\\Users\\alber\\OneDrive - Educacyl\\AgroMind\\backend\\routes\\tipoCultivoRoutes.js","statementMap":{"0":{"start":{"line":1,"column":16},"end":{"line":1,"column":34}},"1":{"start":{"line":2,"column":15},"end":{"line":2,"column":31}},"2":{"start":{"line":3,"column":27},"end":{"line":3,"column":74}},"3":{"start":{"line":5,"column":0},"end":{"line":5,"column":36}},"4":{"start":{"line":6,"column":0},"end":{"line":6,"column":24}}},"fnMap":{},"branchMap":{},"s":{"0":1,"1":1,"2":1,"3":1,"4":1},"f":{},"b":{},"_coverageSchema":"1a1c01bbd47fc00a2c39e90264f33305004495a9","hash":"720d9cbccf11a802d8c689fa98b238517a1d78ed"}
,"C:\\Users\\alber\\OneDrive - Educacyl\\AgroMind\\backend\\routes\\weatherRoutes.js": {"path":"C:\\Users\\alber\\OneDrive - Educacyl\\AgroMind\\backend\\routes\\weatherRoutes.js","statementMap":{"0":{"start":{"line":1,"column":16},"end":{"line":1,"column":34}},"1":{"start":{"line":2,"column":15},"end":{"line":2,"column":31}},"2":{"start":{"line":3,"column":70},"end":{"line":3,"column":113}},"3":{"start":{"line":4,"column":23},"end":{"line":4,"column":62}},"4":{"start":{"line":5,"column":37},"end":{"line":5,"column":79}},"5":{"start":{"line":8,"column":0},"end":{"line":8,"column":56}},"6":{"start":{"line":9,"column":0},"end":{"line":9,"column":59}},"7":{"start":{"line":10,"column":0},"end":{"line":10,"column":64}},"8":{"start":{"line":11,"column":0},"end":{"line":11,"column":71}},"9":{"start":{"line":12,"column":0},"end":{"line":12,"column":50}},"10":{"start":{"line":15,"column":0},"end":{"line":15,"column":24}}},"fnMap":{},"branchMap":{},"s":{"0":2,"1":2,"2":2,"3":2,"4":2,"5":2,"6":2,"7":2,"8":2,"9":2,"10":2},"f":{},"b":{},"_coverageSchema":"1a1c01bbd47fc00a2c39e90264f33305004495a9","hash":"df606d617d0f4dd68afd8541b74f94c1407db6c6"}
,"C:\\Users\\alber\\OneDrive - Educacyl\\AgroMind\\backend\\services\\geminiServices.js": {"path":"C:\\Users\\alber\\OneDrive - Educacyl\\AgroMind\\backend\\services\\geminiServices.js","statementMap":{"0":{"start":{"line":1,"column":31},"end":{"line":1,"column":63}},"1":{"start":{"line":2,"column":0},"end":{"line":2,"column":27}},"2":{"start":{"line":4,"column":14},"end":{"line":4,"column":64}},"3":{"start":{"line":6,"column":38},"end":{"line":47,"column":1}},"4":{"start":{"line":7,"column":2},"end":{"line":46,"column":3}},"5":{"start":{"line":8,"column":18},"end":{"line":10,"column":6}},"6":{"start":{"line":12,"column":19},"end":{"line":32,"column":1}},"7":{"start":{"line":34,"column":19},"end":{"line":34,"column":54}},"8":{"start":{"line":35,"column":21},"end":{"line":35,"column":42}},"9":{"start":{"line":36,"column":17},"end":{"line":36,"column":32}},"10":{"start":{"line":38,"column":22},"end":{"line":38,"column":39}},"11":{"start":{"line":39,"column":20},"end":{"line":39,"column":41}},"12":{"start":{"line":40,"column":22},"end":{"line":40,"column":56}},"13":{"start":{"line":42,"column":4},"end":{"line":42,"column":33}},"14":{"start":{"line":44,"column":4},"end":{"line":44,"column":75}},"15":{"start":{"line":45,"column":4},"end":{"line":45,"column":16}},"16":{"start":{"line":48,"column":28},"end":{"line":85,"column":1}},"17":{"start":{"line":49,"column":2},"end":{"line":84,"column":3}},"18":{"start":{"line":50,"column":18},"end":{"line":52,"column":6}},"19":{"start":{"line":54,"column":19},"end":{"line":70,"column":5}},"20":{"start":{"line":72,"column":19},"end":{"line":72,"column":54}},"21":{"start":{"line":73,"column":21},"end":{"line":73,"column":42}},"22":{"start":{"line":74,"column":17},"end":{"line":74,"column":32}},"23":{"start":{"line":76,"column":22},"end":{"line":76,"column":39}},"24":{"start":{"line":77,"column":20},"end":{"line":77,"column":41}},"25":{"start":{"line":78,"column":22},"end":{"line":78,"column":56}},"26":{"start":{"line":80,"column":4},"end":{"line":80,"column":33}},"27":{"start":{"line":82,"column":4},"end":{"line":82,"column":73}},"28":{"start":{"line":83,"column":4},"end":{"line":83,"column":14}},"29":{"start":{"line":87,"column":32},"end":{"line":106,"column":1}},"30":{"start":{"line":88,"column":2},"end":{"line":105,"column":3}},"31":{"start":{"line":89,"column":18},"end":{"line":89,"column":80}},"32":{"start":{"line":91,"column":21},"end":{"line":92,"column":56}},"33":{"start":{"line":94,"column":19},"end":{"line":94,"column":69}},"34":{"start":{"line":96,"column":19},"end":{"line":96,"column":54}},"35":{"start":{"line":97,"column":21},"end":{"line":97,"column":42}},"36":{"start":{"line":98,"column":4},"end":{"line":98,"column":27}},"37":{"start":{"line":100,"column":4},"end":{"line":103,"column":6}},"38":{"start":{"line":104,"column":4},"end":{"line":104,"column":16}},"39":{"start":{"line":109,"column":0},"end":{"line":113,"column":2}}},"fnMap":{"0":{"name":"(anonymous_0)","decl":{"start":{"line":6,"column":38},"end":{"line":6,"column":39}},"loc":{"start":{"line":6,"column":65},"end":{"line":47,"column":1}},"line":6},"1":{"name":"(anonymous_1)","decl":{"start":{"line":48,"column":28},"end":{"line":48,"column":29}},"loc":{"start":{"line":48,"column":52},"end":{"line":85,"column":1}},"line":48},"2":{"name":"(anonymous_2)","decl":{"start":{"line":87,"column":32},"end":{"line":87,"column":33}},"loc":{"start":{"line":87,"column":52},"end":{"line":106,"column":1}},"line":87}},"branchMap":{},"s":{"0":1,"1":1,"2":1,"3":1,"4":0,"5":0,"6":0,"7":0,"8":0,"9":0,"10":0,"11":0,"12":0,"13":0,"14":0,"15":0,"16":1,"17":0,"18":0,"19":0,"20":0,"21":0,"22":0,"23":0,"24":0,"25":0,"26":0,"27":0,"28":0,"29":1,"30":0,"31":0,"32":0,"33":0,"34":0,"35":0,"36":0,"37":0,"38":0,"39":1},"f":{"0":0,"1":0,"2":0},"b":{},"_coverageSchema":"1a1c01bbd47fc00a2c39e90264f33305004495a9","hash":"2bebce2f1f238e20d1ff9fb6d7ba800ee80038ae"}
}
