TN:
SF:config\database.js
FN:11,(anonymous_0)
FNF:1
FNH:1
FNDA:3,(anonymous_0)
DA:1,3
DA:2,3
DA:4,3
DA:11,3
DA:12,3
DA:13,3
DA:14,1
DA:16,0
DA:20,3
LF:9
LH:8
BRF:0
BRH:0
end_of_record
TN:
SF:controllers\ActividadController.js
FN:6,(anonymous_0)
FN:21,(anonymous_1)
FN:35,(anonymous_2)
FN:60,(anonymous_3)
FN:78,(anonymous_4)
FN:88,(anonymous_5)
FN:103,(anonymous_6)
FNF:7
FNH:7
FNDA:2,(anonymous_0)
FNDA:1,(anonymous_1)
FNDA:2,(anonymous_2)
FNDA:2,(anonymous_3)
FNDA:1,(anonymous_4)
FNDA:1,(anonymous_5)
FNDA:2,(anonymous_6)
DA:1,1
DA:2,1
DA:3,1
DA:4,1
DA:6,1
DA:7,2
DA:8,2
DA:9,2
DA:10,2
DA:11,2
DA:14,2
DA:15,2
DA:16,1
DA:18,1
DA:21,1
DA:23,1
DA:28,1
DA:30,0
DA:31,0
DA:35,1
DA:36,2
DA:37,2
DA:39,2
DA:40,1
DA:43,1
DA:51,1
DA:55,0
DA:56,0
DA:60,1
DA:61,2
DA:62,2
DA:64,2
DA:65,2
DA:66,1
DA:69,1
DA:70,1
DA:72,1
DA:74,0
DA:75,0
DA:78,1
DA:79,1
DA:80,1
DA:81,1
DA:82,1
DA:84,1
DA:85,1
DA:86,0
DA:87,1
DA:88,1
DA:89,1
DA:97,1
DA:99,0
DA:100,0
DA:103,1
DA:104,2
DA:105,2
DA:106,2
DA:108,2
DA:109,1
DA:112,1
DA:114,0
DA:115,0
DA:119,1
LF:63
LH:52
BRDA:15,0,0,1
BRDA:15,0,1,1
BRDA:39,1,0,1
BRDA:39,1,1,1
BRDA:39,2,0,2
BRDA:39,2,1,1
BRDA:39,2,2,1
BRDA:39,2,3,1
BRDA:65,3,0,1
BRDA:65,3,1,1
BRDA:85,4,0,0
BRDA:85,4,1,1
BRDA:108,5,0,1
BRDA:108,5,1,1
BRF:14
BRH:13
end_of_record
TN:
SF:controllers\AlertaController.js
FN:7,(anonymous_0)
FN:43,(anonymous_1)
FNF:2
FNH:2
FNDA:3,(anonymous_0)
FNDA:1,(anonymous_1)
DA:1,2
DA:2,2
DA:3,2
DA:4,2
DA:5,2
DA:7,2
DA:8,3
DA:9,3
DA:10,3
DA:11,3
DA:14,3
DA:15,3
DA:17,2
DA:20,2
DA:27,2
DA:28,1
DA:32,1
DA:33,1
DA:35,1
DA:36,1
DA:39,1
DA:42,1
DA:44,1
DA:55,1
DA:58,1
DA:61,0
DA:62,0
DA:66,2
LF:28
LH:26
BRDA:15,0,0,1
BRDA:15,0,1,2
BRDA:27,1,0,1
BRDA:27,1,1,1
BRF:4
BRH:4
end_of_record
TN:
SF:controllers\AsistenteController.js
FN:4,(anonymous_0)
FNF:1
FNH:1
FNDA:3,(anonymous_0)
DA:2,1
DA:4,1
DA:5,3
DA:6,3
DA:7,3
DA:8,1
DA:11,2
DA:12,1
DA:14,1
DA:15,1
DA:19,1
LF:11
LH:11
BRDA:7,0,0,1
BRDA:7,0,1,2
BRDA:7,1,0,3
BRDA:7,1,1,3
BRF:4
BRH:4
end_of_record
TN:
SF:controllers\CultivoController.js
FN:9,(anonymous_0)
FN:34,(anonymous_1)
FN:54,(anonymous_2)
FN:70,(anonymous_3)
FN:87,(anonymous_4)
FN:107,(anonymous_5)
FNF:6
FNH:5
FNDA:1,(anonymous_0)
FNDA:1,(anonymous_1)
FNDA:1,(anonymous_2)
FNDA:0,(anonymous_3)
FNDA:1,(anonymous_4)
FNDA:1,(anonymous_5)
DA:2,1
DA:3,1
DA:4,1
DA:5,1
DA:6,1
DA:7,1
DA:9,1
DA:10,1
DA:11,1
DA:12,1
DA:14,1
DA:15,1
DA:16,0
DA:19,1
DA:27,1
DA:29,0
DA:30,0
DA:34,1
DA:35,1
DA:36,1
DA:38,1
DA:39,1
DA:40,0
DA:43,1
DA:54,1
DA:55,1
DA:56,1
DA:57,1
DA:63,1
DA:65,0
DA:66,0
DA:70,1
DA:71,0
DA:72,0
DA:79,0
DA:80,0
DA:82,0
DA:83,0
DA:87,1
DA:88,1
DA:89,1
DA:91,1
DA:92,1
DA:93,0
DA:96,1
DA:97,1
DA:99,1
DA:101,1
DA:103,0
DA:104,0
DA:107,1
DA:108,1
DA:109,1
DA:111,1
DA:113,1
DA:116,1
DA:118,1
DA:119,0
DA:122,1
DA:124,0
DA:125,0
DA:129,1
LF:62
LH:44
BRDA:15,0,0,0
BRDA:15,0,1,1
BRDA:39,1,0,0
BRDA:39,1,1,1
BRDA:79,2,0,0
BRDA:79,2,1,0
BRDA:92,3,0,0
BRDA:92,3,1,1
BRDA:118,4,0,0
BRDA:118,4,1,1
BRF:10
BRH:4
end_of_record
TN:
SF:controllers\ParcelaController.js
FN:6,(anonymous_0)
FN:26,(anonymous_1)
FN:56,(anonymous_2)
FNF:3
FNH:3
FNDA:1,(anonymous_0)
FNDA:2,(anonymous_1)
FNDA:3,(anonymous_2)
DA:1,2
DA:2,2
DA:3,2
DA:6,2
DA:7,1
DA:8,1
DA:9,1
DA:11,1
DA:12,0
DA:15,1
DA:16,1
DA:18,1
DA:20,0
DA:21,0
DA:26,2
DA:27,2
DA:28,2
DA:29,2
DA:31,2
DA:32,2
DA:34,2
DA:35,1
DA:40,1
DA:48,1
DA:49,1
DA:51,0
DA:52,0
DA:56,2
DA:57,3
DA:58,3
DA:59,3
DA:61,3
DA:62,1
DA:65,2
DA:66,2
DA:67,1
DA:70,1
DA:71,1
DA:72,1
DA:74,1
DA:76,0
DA:77,0
DA:81,2
LF:43
LH:36
BRDA:11,0,0,0
BRDA:11,0,1,1
BRDA:34,1,0,1
BRDA:34,1,1,1
BRDA:34,2,0,2
BRDA:34,2,1,2
BRDA:34,2,2,1
BRDA:34,2,3,1
BRDA:61,3,0,1
BRDA:61,3,1,2
BRDA:61,4,0,3
BRDA:61,4,1,2
BRDA:66,5,0,1
BRDA:66,5,1,1
BRF:14
BRH:13
end_of_record
TN:
SF:controllers\ProvinciaController.js
FN:4,(anonymous_0)
FNF:1
FNH:1
FNDA:2,(anonymous_0)
DA:1,2
DA:4,2
DA:5,2
DA:6,2
DA:7,1
DA:9,1
DA:10,1
DA:14,2
LF:8
LH:8
BRF:0
BRH:0
end_of_record
TN:
SF:controllers\RecomendacionIAController.js
FN:9,(anonymous_0)
FN:59,(anonymous_1)
FN:78,(anonymous_2)
FNF:3
FNH:3
FNDA:4,(anonymous_0)
FNDA:1,(anonymous_1)
FNDA:2,(anonymous_2)
DA:1,1
DA:2,1
DA:3,1
DA:4,1
DA:5,1
DA:6,1
DA:7,1
DA:9,1
DA:10,4
DA:11,4
DA:12,4
DA:13,4
DA:16,4
DA:17,4
DA:20,3
DA:27,3
DA:30,2
DA:31,2
DA:45,2
DA:46,1
DA:48,1
DA:52,1
DA:55,1
DA:58,1
DA:60,1
DA:72,1
DA:74,0
DA:75,0
DA:78,1
DA:79,2
DA:80,2
DA:81,2
DA:82,2
DA:84,2
DA:85,2
DA:87,2
DA:95,2
DA:97,0
DA:98,0
DA:102,1
LF:40
LH:36
BRDA:17,0,0,1
BRDA:17,0,1,3
BRDA:27,1,0,1
BRDA:27,1,1,2
BRDA:45,2,0,1
BRDA:45,2,1,1
BRDA:52,3,0,0
BRDA:52,3,1,1
BRF:8
BRH:7
end_of_record
TN:
SF:controllers\TipoCultivoController.js
FN:3,(anonymous_0)
FNF:1
FNH:1
FNDA:2,(anonymous_0)
DA:1,1
DA:3,1
DA:4,2
DA:5,2
DA:6,1
DA:8,1
DA:9,1
DA:13,1
LF:8
LH:8
BRF:0
BRH:0
end_of_record
TN:
SF:controllers\UsuarioController.js
FN:6,(anonymous_0)
FN:54,(anonymous_1)
FN:80,(anonymous_2)
FN:95,(anonymous_3)
FNF:4
FNH:4
FNDA:2,(anonymous_0)
FNDA:2,(anonymous_1)
FNDA:2,(anonymous_2)
FNDA:2,(anonymous_3)
DA:1,1
DA:2,1
DA:3,1
DA:4,1
DA:6,1
DA:7,2
DA:8,2
DA:11,2
DA:12,0
DA:16,2
DA:17,2
DA:18,0
DA:22,2
DA:23,0
DA:27,2
DA:28,2
DA:29,1
DA:33,1
DA:36,1
DA:42,1
DA:46,0
DA:47,0
DA:54,1
DA:55,2
DA:56,2
DA:57,2
DA:59,2
DA:60,1
DA:63,1
DA:65,1
DA:69,1
DA:75,0
DA:76,0
DA:80,1
DA:81,2
DA:82,2
DA:85,2
DA:86,1
DA:88,1
DA:90,0
DA:91,0
DA:95,1
DA:96,2
DA:97,2
DA:98,2
DA:100,2
DA:101,1
DA:104,1
DA:105,1
DA:107,1
DA:109,1
DA:111,0
DA:112,0
DA:116,1
LF:54
LH:43
BRDA:11,0,0,0
BRDA:11,0,1,2
BRDA:11,1,0,2
BRDA:11,1,1,2
BRDA:17,2,0,0
BRDA:17,2,1,2
BRDA:17,3,0,2
BRDA:17,3,1,2
BRDA:22,4,0,0
BRDA:22,4,1,2
BRDA:22,5,0,2
BRDA:22,5,1,2
BRDA:28,6,0,1
BRDA:28,6,1,1
BRDA:59,7,0,1
BRDA:59,7,1,1
BRDA:59,8,0,2
BRDA:59,8,1,2
BRDA:85,9,0,1
BRDA:85,9,1,1
BRDA:100,10,0,1
BRDA:100,10,1,1
BRDA:104,11,0,1
BRDA:104,11,1,0
BRDA:105,12,0,1
BRDA:105,12,1,0
BRF:26
BRH:21
end_of_record
TN:
SF:controllers\WeatherController.js
FN:6,(anonymous_0)
FN:43,(anonymous_1)
FN:95,(anonymous_2)
FN:121,(anonymous_3)
FNF:4
FNH:3
FNDA:1,(anonymous_0)
FNDA:2,(anonymous_1)
FNDA:2,(anonymous_2)
FNDA:0,(anonymous_3)
DA:1,2
DA:2,2
DA:3,2
DA:4,2
DA:6,2
DA:7,1
DA:8,1
DA:9,1
DA:11,1
DA:12,1
DA:14,1
DA:16,1
DA:17,1
DA:19,1
DA:23,1
DA:24,1
DA:25,1
DA:26,1
DA:27,0
DA:29,1
DA:38,0
DA:39,0
DA:43,2
DA:44,2
DA:45,2
DA:46,2
DA:47,2
DA:49,2
DA:51,2
DA:54,2
DA:61,2
DA:62,1
DA:66,1
DA:67,1
DA:69,1
DA:70,1
DA:72,1
DA:88,1
DA:90,0
DA:91,0
DA:95,2
DA:96,2
DA:97,2
DA:98,2
DA:100,2
DA:108,2
DA:109,1
DA:112,1
DA:117,0
DA:118,0
DA:121,2
DA:122,0
DA:123,0
DA:124,0
DA:126,0
DA:127,0
DA:129,0
DA:131,0
DA:138,0
DA:139,0
DA:142,0
DA:157,0
DA:158,0
DA:165,2
LF:64
LH:45
BRDA:12,0,0,0
BRDA:12,0,1,1
BRDA:24,1,0,0
BRDA:24,1,1,1
BRDA:25,2,0,0
BRDA:25,2,1,1
BRDA:26,3,0,1
BRDA:26,3,1,0
BRDA:49,4,0,0
BRDA:49,4,1,2
BRDA:61,5,0,1
BRDA:61,5,1,1
BRDA:108,6,0,1
BRDA:108,6,1,1
BRDA:127,7,0,0
BRDA:127,7,1,0
BRDA:138,8,0,0
BRDA:138,8,1,0
BRF:18
BRH:9
end_of_record
TN:
SF:middleware\authMiddleware.js
FN:3,(anonymous_0)
FNF:1
FNH:1
FNDA:8,(anonymous_0)
DA:1,3
DA:3,3
DA:4,8
DA:6,8
DA:7,0
DA:10,8
DA:12,8
DA:13,8
DA:15,8
DA:16,8
DA:17,8
DA:19,0
DA:23,3
LF:13
LH:11
BRDA:6,0,0,0
BRDA:6,0,1,8
BRF:2
BRH:1
end_of_record
TN:
SF:models\Alerta.js
FNF:0
FNH:0
DA:1,1
DA:2,1
DA:3,1
DA:5,1
DA:52,1
LF:5
LH:5
BRF:0
BRH:0
end_of_record
TN:
SF:models\MeteorologiaProvincias.js
FNF:0
FNH:0
DA:1,1
DA:2,1
DA:3,1
DA:5,1
DA:78,1
LF:5
LH:5
BRF:0
BRH:0
end_of_record
TN:
SF:models\Parcela.js
FNF:0
FNH:0
DA:1,1
DA:2,1
DA:3,1
DA:4,1
DA:6,1
DA:27,1
LF:6
LH:6
BRF:0
BRH:0
end_of_record
TN:
SF:models\Provincia.js
FNF:0
FNH:0
DA:1,1
DA:2,1
DA:4,1
DA:13,1
LF:4
LH:4
BRF:0
BRH:0
end_of_record
TN:
SF:models\Usuario.js
FNF:0
FNH:0
DA:1,1
DA:2,1
DA:3,1
DA:17,1
LF:4
LH:4
BRF:0
BRH:0
end_of_record
TN:
SF:routes\actividadRoutes.js
FNF:0
FNH:0
DA:1,1
DA:2,1
DA:9,1
DA:10,1
DA:12,1
DA:13,1
DA:14,1
DA:15,1
DA:16,1
DA:18,1
LF:10
LH:10
BRF:0
BRH:0
end_of_record
TN:
SF:routes\asistenteRoutes.js
FNF:0
FNH:0
DA:1,1
DA:2,1
DA:3,1
DA:4,1
DA:6,1
DA:8,1
LF:6
LH:6
BRF:0
BRH:0
end_of_record
TN:
SF:routes\authRoutes.js
FNF:0
FNH:0
DA:1,1
DA:2,1
DA:3,1
DA:4,1
DA:7,1
DA:8,1
DA:9,1
DA:10,1
DA:12,1
LF:9
LH:9
BRF:0
BRH:0
end_of_record
TN:
SF:routes\cultivoRoutes.js
FNF:0
FNH:0
DA:1,1
DA:2,1
DA:3,1
DA:4,1
DA:6,1
DA:7,1
DA:8,1
DA:9,1
DA:10,1
DA:13,1
LF:10
LH:10
BRF:0
BRH:0
end_of_record
TN:
SF:routes\parcelaRoutes.js
FNF:0
FNH:0
DA:1,2
DA:2,2
DA:3,2
DA:4,2
DA:5,2
DA:7,2
DA:9,2
DA:11,2
DA:14,2
DA:19,2
LF:10
LH:10
BRF:0
BRH:0
end_of_record
TN:
SF:routes\recomendacionRoutes.js
FNF:0
FNH:0
DA:1,1
DA:2,1
DA:3,1
DA:4,1
DA:6,1
DA:7,1
DA:9,1
LF:7
LH:7
BRF:0
BRH:0
end_of_record
TN:
SF:routes\tipoCultivoRoutes.js
FNF:0
FNH:0
DA:1,1
DA:2,1
DA:3,1
DA:5,1
DA:6,1
LF:5
LH:5
BRF:0
BRH:0
end_of_record
TN:
SF:routes\weatherRoutes.js
FNF:0
FNH:0
DA:1,2
DA:2,2
DA:3,2
DA:4,2
DA:5,2
DA:8,2
DA:9,2
DA:10,2
DA:11,2
DA:12,2
DA:15,2
LF:11
LH:11
BRF:0
BRH:0
end_of_record
TN:
SF:services\geminiServices.js
FN:6,(anonymous_0)
FN:48,(anonymous_1)
FN:87,(anonymous_2)
FNF:3
FNH:0
FNDA:0,(anonymous_0)
FNDA:0,(anonymous_1)
FNDA:0,(anonymous_2)
DA:1,1
DA:2,1
DA:4,1
DA:6,1
DA:7,0
DA:8,0
DA:12,0
DA:34,0
DA:35,0
DA:36,0
DA:38,0
DA:39,0
DA:40,0
DA:42,0
DA:44,0
DA:45,0
DA:48,1
DA:49,0
DA:50,0
DA:54,0
DA:72,0
DA:73,0
DA:74,0
DA:76,0
DA:77,0
DA:78,0
DA:80,0
DA:82,0
DA:83,0
DA:87,1
DA:88,0
DA:89,0
DA:91,0
DA:94,0
DA:96,0
DA:97,0
DA:98,0
DA:100,0
DA:104,0
DA:109,1
LF:40
LH:7
BRF:0
BRH:0
end_of_record
